Log file open, 09/30/22 09:00:24
LogWindows: Failed to load 'aqProf.dll' (GetLastError=126)
LogWindows: File 'aqProf.dll' does not exist
LogWindows: Failed to load 'VtuneApi.dll' (GetLastError=126)
LogWindows: File 'VtuneApi.dll' does not exist
LogWindows: Failed to load 'VtuneApi32e.dll' (GetLastError=126)
LogWindows: File 'VtuneApi32e.dll' does not exist
LogConsoleResponse: Display: Failed to find resolution value strings in scalability ini. Falling back to default.
LogInit: Display: Running engine for game: TTSGame
LogPlatformFile: Not using cached read wrapper
LogTaskGraph: Started task graph with 5 named threads and 23 total threads with 3 sets of task threads.
LogStats: Stats thread started at 0.516431
LogD3D11RHI: Loaded GFSDK_Aftermath_Lib.x64.dll
LogICUInternationalization: ICU TimeZone Detection - Raw Offset: +9:00, Platform Override: ''
LogPluginManager: Mounting plugin Paper2D
LogPluginManager: Mounting plugin AISupport
LogPluginManager: Mounting plugin LightPropagationVolume
LogPluginManager: Mounting plugin ActorLayerUtilities
LogPluginManager: Mounting plugin AnimationSharing
LogPluginManager: Mounting plugin CLionSourceCodeAccess
LogPluginManager: Mounting plugin CodeLiteSourceCodeAccess
LogPluginManager: Mounting plugin GitSourceControl
LogPluginManager: Mounting plugin KDevelopSourceCodeAccess
LogPluginManager: Mounting plugin NullSourceCodeAccess
LogPluginManager: Mounting plugin PerforceSourceControl
LogPluginManager: Mounting plugin SubversionSourceControl
LogPluginManager: Mounting plugin UObjectPlugin
LogPluginManager: Mounting plugin VisualStudioCodeSourceCodeAccess
LogPluginManager: Mounting plugin VisualStudioSourceCodeAccess
LogPluginManager: Mounting plugin XCodeSourceCodeAccess
LogPluginManager: Mounting plugin AssetManagerEditor
LogPluginManager: Mounting plugin CryptoKeys
LogPluginManager: Mounting plugin CurveEditorTools
LogPluginManager: Mounting plugin DataValidation
LogPluginManager: Mounting plugin FacialAnimation
LogPluginManager: Mounting plugin GameplayTagsEditor
LogPluginManager: Mounting plugin MacGraphicsSwitching
LogPluginManager: Mounting plugin MaterialAnalyzer
LogPluginManager: Mounting plugin MobileLauncherProfileWizard
LogPluginManager: Mounting plugin PluginBrowser
LogPluginManager: Mounting plugin SpeedTreeImporter
LogPluginManager: Mounting plugin DatasmithContent
LogPluginManager: Mounting plugin VariantManagerContent
LogPluginManager: Mounting plugin AlembicImporter
LogPluginManager: Mounting plugin AutomationUtils
LogPluginManager: Mounting plugin BackChannel
LogPluginManager: Mounting plugin CharacterAI
LogPluginManager: Mounting plugin GeometryCache
LogPluginManager: Mounting plugin HTML5Networking
LogPluginManager: Mounting plugin PlatformCrypto
LogPluginManager: Mounting plugin ProxyLODPlugin
LogPluginManager: Mounting plugin SkeletalReduction
LogPluginManager: Mounting plugin MagicLeap
LogPluginManager: Mounting plugin MagicLeapMedia
LogPluginManager: Mounting plugin AndroidMedia
LogPluginManager: Mounting plugin AvfMedia
LogPluginManager: Mounting plugin ImgMedia
LogPluginManager: Mounting plugin MediaCompositing
LogPluginManager: Mounting plugin MediaPlayerEditor
LogPluginManager: Mounting plugin WebMMedia
LogPluginManager: Mounting plugin WmfMedia
LogPluginManager: Mounting plugin TcpMessaging
LogPluginManager: Mounting plugin UdpMessaging
LogPluginManager: Mounting plugin ActorSequence
LogPluginManager: Mounting plugin LevelSequenceEditor
LogPluginManager: Mounting plugin MatineeToLevelSequence
LogPluginManager: Mounting plugin NetcodeUnitTest
LogPluginManager: Mounting plugin NUTUnrealEngine4
LogPluginManager: Mounting plugin OnlineSubsystemGooglePlay
LogPluginManager: Mounting plugin OnlineSubsystemIOS
LogPluginManager: Mounting plugin OnlineSubsystem
LogPluginManager: Mounting plugin OnlineSubsystemNull
LogPluginManager: Mounting plugin OnlineSubsystemUtils
LogPluginManager: Mounting plugin LauncherChunkInstaller
LogPluginManager: Mounting plugin AndroidDeviceProfileSelector
LogPluginManager: Mounting plugin AndroidMoviePlayer
LogPluginManager: Mounting plugin AndroidPermission
LogPluginManager: Mounting plugin AppleImageUtils
LogPluginManager: Mounting plugin AppleMoviePlayer
LogPluginManager: Mounting plugin ArchVisCharacter
LogPluginManager: Mounting plugin AudioCapture
LogPluginManager: Mounting plugin CableComponent
LogPluginManager: Mounting plugin CustomMeshComponent
LogPluginManager: Mounting plugin EditableMesh
LogPluginManager: Mounting plugin ExampleDeviceProfileSelector
LogPluginManager: Mounting plugin GoogleCloudMessaging
LogPluginManager: Mounting plugin IOSDeviceProfileSelector
LogPluginManager: Mounting plugin LinuxDeviceProfileSelector
LogPluginManager: Mounting plugin LocationServicesBPLibrary
LogPluginManager: Mounting plugin MobilePatchingUtils
LogPluginManager: Mounting plugin OculusVR
LogPluginManager: Mounting plugin PhysXVehicles
LogPluginManager: Mounting plugin ProceduralMeshComponent
LogPluginManager: Mounting plugin RuntimePhysXCooking
LogPluginManager: Mounting plugin SignificanceManager
LogPluginManager: Mounting plugin SteamVR
LogPluginManager: Mounting plugin WebMMoviePlayer
LogPluginManager: Mounting plugin WindowsMoviePlayer
LogPluginManager: Mounting plugin ScreenshotTools
LogInit: Using libcurl 7.55.1-DEV
LogInit:  - built for x86_64-pc-win32
LogInit:  - supports SSL with OpenSSL/1.1.1
LogInit:  - supports HTTP deflate (compression) using libz 1.2.8
LogInit:  - other features:
LogInit:      CURL_VERSION_SSL
LogInit:      CURL_VERSION_LIBZ
LogInit:      CURL_VERSION_IPV6
LogInit:      CURL_VERSION_ASYNCHDNS
LogInit:      CURL_VERSION_LARGEFILE
LogInit:      CURL_VERSION_IDN
LogInit:  CurlRequestOptions (configurable via config and command line):
LogInit:  - bVerifyPeer = true  - Libcurl will verify peer certificate
LogInit:  - bUseHttpProxy = false  - Libcurl will NOT use HTTP proxy
LogInit:  - bDontReuseConnections = false  - Libcurl will reuse connections
LogInit:  - MaxHostConnections = 16  - Libcurl will limit the number of connections to a host
LogInit:  - LocalHostAddr = Default
LogInit:  - BufferSize = 65536
LogOnline: OSS: Creating online subsystem instance for: NULL
LogInit: WinSock: version 1.1 (2.2), MaxSocks=32767, MaxUdp=65467
LogInit: Build: ++UE4+Release-4.23-CL-9631420
LogInit: Engine Version: 4.23.1-9631420+++UE4+Release-4.23
LogInit: Compatible Engine Version: 4.23.0-8386587+++UE4+Release-4.23
LogInit: Net CL: 8386587
LogInit: OS: Windows 10 (Release 2009) (), CPU: Intel(R) Core(TM) i7-6700 CPU @ 3.40GHz, GPU: NVIDIA GeForce GTX 970
LogInit: Compiled (64-bit): Oct 18 2019 02:07:44
LogInit: Compiled with Visual C++: 19.16.27030.01
LogInit: Build Configuration: Development
LogInit: Branch Name: ++UE4+Release-4.23
LogInit: Command Line: 
LogInit: Base Directory: D:/UE_4.23/Engine/Binaries/Win64/
LogInit: Installed Engine Build: 1
LogDevObjectVersion: Number of dev versions registered: 23
LogDevObjectVersion:   Dev-Blueprints (B0D832E4-1F89-4F0D-ACCF-7EB736FD4AA2): 10
LogDevObjectVersion:   Dev-Build (E1C64328-A22C-4D53-A36C-8E866417BD8C): 0
LogDevObjectVersion:   Dev-Core (375EC13C-06E4-48FB-B500-84F0262A717E): 3
LogDevObjectVersion:   Dev-Editor (E4B068ED-F494-42E9-A231-DA0B2E46BB41): 34
LogDevObjectVersion:   Dev-Framework (CFFC743F-43B0-4480-9391-14DF171D2073): 35
LogDevObjectVersion:   Dev-Mobile (B02B49B5-BB20-44E9-A304-32B752E40360): 2
LogDevObjectVersion:   Dev-Networking (A4E4105C-59A1-49B5-A7C5-40C4547EDFEE): 0
LogDevObjectVersion:   Dev-Online (39C831C9-5AE6-47DC-9A44-9C173E1C8E7C): 0
LogDevObjectVersion:   Dev-Physics (78F01B33-EBEA-4F98-B9B4-84EACCB95AA2): 0
LogDevObjectVersion:   Dev-Platform (6631380F-2D4D-43E0-8009-CF276956A95A): 0
LogDevObjectVersion:   Dev-Rendering (12F88B9F-8875-4AFC-A67C-D90C383ABD29): 31
LogDevObjectVersion:   Dev-Sequencer (7B5AE74C-D270-4C10-A958-57980B212A5A): 11
LogDevObjectVersion:   Dev-VR (D7296918-1DD6-4BDD-9DE2-64A83CC13884): 2
LogDevObjectVersion:   Dev-LoadTimes (C2A15278-BFE7-4AFE-6C17-90FF531DF755): 1
LogDevObjectVersion:   Private-Geometry (6EACA3D4-40EC-4CC1-B786-8BED09428FC5): 3
LogDevObjectVersion:   Dev-AnimPhys (29E575DD-E0A3-4627-9D10-D276232CDCEA): 17
LogDevObjectVersion:   Dev-Anim (AF43A65D-7FD3-4947-9873-3E8ED9C1BB05): 2
LogDevObjectVersion:   Dev-ReflectionCapture (6B266CEC-1EC7-4B8F-A30B-E4D90942FC07): 1
LogDevObjectVersion:   Dev-Automation (0DF73D61-A23F-47EA-B727-89E90C41499A): 1
LogDevObjectVersion:   FortniteMain (601D1886-AC64-4F84-AA16-D3DE0DEAC7D6): 27
LogDevObjectVersion:   Dev-Enterprise (9DFFBCD6-494F-0158-E221-12823C92A888): 6
LogDevObjectVersion:   Dev-Niagara (F2AED0AC-9AFE-416F-8664-AA7FFA26D6FC): 1
LogDevObjectVersion:   Dev-Destruction (174F1F0B-B4C6-45A5-B13F-2EE8D0FB917D): 9
LogInit: Presizing for max 16777216 objects, including 0 objects not considered by GC, pre-allocating 0 bytes for permanent pool.
LogInit: Object subsystem initialized
LogConfig: Setting CVar [[con.DebugEarlyDefault:1]]
LogConfig: Setting CVar [[r.setres:1280x720]]
[2022.09.30-00.00.24:632][  0]LogConfig: Setting CVar [[r.VSync:0]]
[2022.09.30-00.00.24:632][  0]LogConfig: Setting CVar [[r.RHICmdBypass:0]]
[2022.09.30-00.00.24:633][  0]LogConfig: Applying CVar settings from Section [/Script/Engine.RendererSettings] File [D:/UnrealProject/TTSGame/Saved/Config/Windows/Engine.ini]
[2022.09.30-00.00.24:633][  0]LogConfig: Setting CVar [[r.GPUCrashDebugging:0]]
[2022.09.30-00.00.24:633][  0]LogConfig: Setting CVar [[r.MobileHDR:1]]
[2022.09.30-00.00.24:633][  0]LogConfig: Setting CVar [[r.Mobile.DisableVertexFog:1]]
[2022.09.30-00.00.24:633][  0]LogConfig: Setting CVar [[r.Shadow.CSM.MaxMobileCascades:2]]
[2022.09.30-00.00.24:634][  0]LogConfig: Setting CVar [[r.MobileMSAA:1]]
[2022.09.30-00.00.24:634][  0]LogConfig: Setting CVar [[r.Mobile.UseLegacyShadingModel:0]]
[2022.09.30-00.00.24:634][  0]LogConfig: Setting CVar [[r.Mobile.UseHWsRGBEncoding:0]]
[2022.09.30-00.00.24:634][  0]LogConfig: Setting CVar [[r.Mobile.AllowDitheredLODTransition:0]]
[2022.09.30-00.00.24:634][  0]LogConfig: Setting CVar [[r.Mobile.AllowSoftwareOcclusion:0]]
[2022.09.30-00.00.24:634][  0]LogConfig: Setting CVar [[r.DiscardUnusedQuality:0]]
[2022.09.30-00.00.24:634][  0]LogConfig: Setting CVar [[r.AllowOcclusionQueries:1]]
[2022.09.30-00.00.24:634][  0]LogConfig: Setting CVar [[r.MinScreenRadiusForLights:0.030000]]
[2022.09.30-00.00.24:634][  0]LogConfig: Setting CVar [[r.MinScreenRadiusForDepthPrepass:0.030000]]
[2022.09.30-00.00.24:634][  0]LogConfig: Setting CVar [[r.MinScreenRadiusForCSMDepth:0.010000]]
[2022.09.30-00.00.24:634][  0]LogConfig: Setting CVar [[r.PrecomputedVisibilityWarning:0]]
[2022.09.30-00.00.24:634][  0]LogConfig: Setting CVar [[r.TextureStreaming:1]]
[2022.09.30-00.00.24:634][  0]LogConfig: Setting CVar [[Compat.UseDXT5NormalMaps:0]]
[2022.09.30-00.00.24:634][  0]LogConfig: Setting CVar [[r.VirtualTextures:0]]
[2022.09.30-00.00.24:634][  0]LogConfig: Setting CVar [[r.VirtualTexturedLightmaps:0]]
[2022.09.30-00.00.24:634][  0]LogConfig: Setting CVar [[r.VT.TileSize:128]]
[2022.09.30-00.00.24:634][  0]LogConfig: Setting CVar [[r.VT.TileBorderSize:4]]
[2022.09.30-00.00.24:634][  0]LogConfig: Setting CVar [[r.vt.FeedbackFactor:16]]
[2022.09.30-00.00.24:634][  0]LogConfig: Setting CVar [[r.VT.EnableCompressZlib:1]]
[2022.09.30-00.00.24:634][  0]LogConfig: Setting CVar [[r.VT.EnableCompressCrunch:0]]
[2022.09.30-00.00.24:634][  0]LogConfig: Setting CVar [[r.ClearCoatNormal:0]]
[2022.09.30-00.00.24:634][  0]LogConfig: Setting CVar [[r.ReflectionCaptureResolution:128]]
[2022.09.30-00.00.24:634][  0]LogConfig: Setting CVar [[r.ReflectionEnvironmentLightmapMixBasedOnRoughness:1]]
[2022.09.30-00.00.24:634][  0]LogConfig: Setting CVar [[r.ForwardShading:0]]
[2022.09.30-00.00.24:634][  0]LogConfig: Setting CVar [[r.VertexFoggingForOpaque:1]]
[2022.09.30-00.00.24:634][  0]LogConfig: Setting CVar [[r.AllowStaticLighting:1]]
[2022.09.30-00.00.24:634][  0]LogConfig: Setting CVar [[r.NormalMapsForStaticLighting:0]]
[2022.09.30-00.00.24:634][  0]LogConfig: Setting CVar [[r.GenerateMeshDistanceFields:0]]
[2022.09.30-00.00.24:634][  0]LogConfig: Setting CVar [[r.DistanceFieldBuild.EightBit:0]]
[2022.09.30-00.00.24:634][  0]LogConfig: Setting CVar [[r.GenerateLandscapeGIData:0]]
[2022.09.30-00.00.24:634][  0]LogConfig: Setting CVar [[r.DistanceFieldBuild.Compress:0]]
[2022.09.30-00.00.24:634][  0]LogConfig: Setting CVar [[r.TessellationAdaptivePixelsPerTriangle:48.000000]]
[2022.09.30-00.00.24:634][  0]LogConfig: Setting CVar [[r.SeparateTranslucency:1]]
[2022.09.30-00.00.24:634][  0]LogConfig: Setting CVar [[r.TranslucentSortPolicy:0]]
[2022.09.30-00.00.24:634][  0]LogConfig: Setting CVar [[r.CustomDepth:1]]
[2022.09.30-00.00.24:634][  0]LogConfig: Setting CVar [[r.CustomDepthTemporalAAJitter:1]]
[2022.09.30-00.00.24:634][  0]LogConfig: Setting CVar [[r.PostProcessing.PropagateAlpha:0]]
[2022.09.30-00.00.24:634][  0]LogConfig: Setting CVar [[r.DefaultFeature.Bloom:1]]
[2022.09.30-00.00.24:634][  0]LogConfig: Setting CVar [[r.DefaultFeature.AmbientOcclusion:1]]
[2022.09.30-00.00.24:634][  0]LogConfig: Setting CVar [[r.DefaultFeature.AmbientOcclusionStaticFraction:1]]
[2022.09.30-00.00.24:634][  0]LogConfig: Setting CVar [[r.DefaultFeature.AutoExposure:0]]
[2022.09.30-00.00.24:634][  0]LogConfig: Setting CVar [[r.DefaultFeature.AutoExposure.Method:0]]
[2022.09.30-00.00.24:634][  0]LogConfig: Setting CVar [[r.DefaultFeature.AutoExposure.ExtendDefaultLuminanceRange:1]]
[2022.09.30-00.00.24:634][  0]LogConfig: Setting CVar [[r.UsePreExposure:1]]
[2022.09.30-00.00.24:634][  0]LogConfig: Setting CVar [[r.EyeAdaptation.EditorOnly:1]]
[2022.09.30-00.00.24:634][  0]LogConfig: Setting CVar [[r.DefaultFeature.MotionBlur:0]]
[2022.09.30-00.00.24:634][  0]LogConfig: Setting CVar [[r.DefaultFeature.LensFlare:0]]
[2022.09.30-00.00.24:635][  0]LogConfig: Setting CVar [[r.TemporalAA.Upsampling:0]]
[2022.09.30-00.00.24:635][  0]LogConfig: Setting CVar [[r.DefaultFeature.AntiAliasing:0]]
[2022.09.30-00.00.24:635][  0]LogConfig: Setting CVar [[r.DefaultFeature.LightUnits:1]]
[2022.09.30-00.00.24:635][  0]LogConfig: Setting CVar [[r.DefaultBackBufferPixelFormat:4]]
[2022.09.30-00.00.24:635][  0]LogConfig: Setting CVar [[r.Shadow.UnbuiltPreviewInGame:1]]
[2022.09.30-00.00.24:635][  0]LogConfig: Setting CVar [[r.StencilForLODDither:0]]
[2022.09.30-00.00.24:635][  0]LogConfig: Setting CVar [[r.EarlyZPass:3]]
[2022.09.30-00.00.24:636][  0]LogConfig: Setting CVar [[r.EarlyZPassOnlyMaterialMasking:0]]
[2022.09.30-00.00.24:636][  0]LogConfig: Setting CVar [[r.DBuffer:1]]
[2022.09.30-00.00.24:636][  0]LogConfig: Setting CVar [[r.ClearSceneMethod:1]]
[2022.09.30-00.00.24:636][  0]LogConfig: Setting CVar [[r.BasePassOutputsVelocity:0]]
[2022.09.30-00.00.24:636][  0]LogConfig: Setting CVar [[r.SelectiveBasePassOutputs:0]]
[2022.09.30-00.00.24:636][  0]LogConfig: Setting CVar [[fx.GPUSimulationTextureSizeX:1024]]
[2022.09.30-00.00.24:636][  0]LogConfig: Setting CVar [[fx.GPUSimulationTextureSizeY:1024]]
[2022.09.30-00.00.24:636][  0]LogConfig: Setting CVar [[r.AllowGlobalClipPlane:0]]
[2022.09.30-00.00.24:636][  0]LogConfig: Setting CVar [[r.GBufferFormat:1]]
[2022.09.30-00.00.24:636][  0]LogConfig: Setting CVar [[r.MorphTarget.Mode:1]]
[2022.09.30-00.00.24:636][  0]LogConfig: Setting CVar [[vr.InstancedStereo:0]]
[2022.09.30-00.00.24:636][  0]LogConfig: Setting CVar [[vr.MultiView:0]]
[2022.09.30-00.00.24:636][  0]LogConfig: Setting CVar [[vr.MobileMultiView:0]]
[2022.09.30-00.00.24:636][  0]LogConfig: Setting CVar [[vr.MobileMultiView.Direct:0]]
[2022.09.30-00.00.24:636][  0]LogConfig: Setting CVar [[vr.RoundRobinOcclusion:0]]
[2022.09.30-00.00.24:637][  0]LogConfig: Setting CVar [[vr.ODSCapture:0]]
[2022.09.30-00.00.24:637][  0]LogConfig: Setting CVar [[r.WireframeCullThreshold:5.000000]]
[2022.09.30-00.00.24:637][  0]LogConfig: Setting CVar [[r.RayTracing:0]]
[2022.09.30-00.00.24:637][  0]LogConfig: Setting CVar [[r.SupportStationarySkylight:1]]
[2022.09.30-00.00.24:637][  0]LogConfig: Setting CVar [[r.SupportLowQualityLightmaps:1]]
[2022.09.30-00.00.24:637][  0]LogConfig: Setting CVar [[r.SupportPointLightWholeSceneShadows:1]]
[2022.09.30-00.00.24:637][  0]LogConfig: Setting CVar [[r.SupportAtmosphericFog:1]]
[2022.09.30-00.00.24:637][  0]LogConfig: Setting CVar [[r.SkinCache.CompileShaders:0]]
[2022.09.30-00.00.24:637][  0]LogConfig: Setting CVar [[r.Mobile.EnableStaticAndCSMShadowReceivers:1]]
[2022.09.30-00.00.24:637][  0]LogConfig: Setting CVar [[r.Mobile.EnableMovableLightCSMShaderCulling:1]]
[2022.09.30-00.00.24:637][  0]LogConfig: Setting CVar [[r.Mobile.AllowDistanceFieldShadows:1]]
[2022.09.30-00.00.24:637][  0]LogConfig: Setting CVar [[r.Mobile.AllowMovableDirectionalLights:1]]
[2022.09.30-00.00.24:637][  0]LogConfig: Setting CVar [[r.MobileNumDynamicPointLights:4]]
[2022.09.30-00.00.24:637][  0]LogConfig: Setting CVar [[r.MobileDynamicPointLightsUseStaticBranch:1]]
[2022.09.30-00.00.24:637][  0]LogConfig: Setting CVar [[r.Mobile.EnableMovableSpotlights:0]]
[2022.09.30-00.00.24:637][  0]LogConfig: Setting CVar [[r.SkinCache.SceneMemoryLimitInMB:128.000000]]
[2022.09.30-00.00.24:637][  0]LogConfig: Setting CVar [[r.GPUSkin.Limit2BoneInfluences:0]]
[2022.09.30-00.00.24:637][  0]LogConfig: Setting CVar [[r.SupportDepthOnlyIndexBuffers:1]]
[2022.09.30-00.00.24:637][  0]LogConfig: Setting CVar [[r.SupportReversedIndexBuffers:1]]
[2022.09.30-00.00.24:637][  0]LogConfig: Setting CVar [[r.SupportMaterialLayers:0]]
[2022.09.30-00.00.24:637][  0]LogConfig: Applying CVar settings from Section [/Script/Engine.RendererOverrideSettings] File [D:/UnrealProject/TTSGame/Saved/Config/Windows/Engine.ini]
[2022.09.30-00.00.24:637][  0]LogConfig: Applying CVar settings from Section [/Script/Engine.StreamingSettings] File [D:/UnrealProject/TTSGame/Saved/Config/Windows/Engine.ini]
[2022.09.30-00.00.24:637][  0]LogConfig: Setting CVar [[s.MinBulkDataSizeForAsyncLoading:131072]]
[2022.09.30-00.00.24:637][  0]LogConfig: Setting CVar [[s.AsyncLoadingThreadEnabled:0]]
[2022.09.30-00.00.24:637][  0]LogConfig: Setting CVar [[s.EventDrivenLoaderEnabled:1]]
[2022.09.30-00.00.24:637][  0]LogConfig: Setting CVar [[s.WarnIfTimeLimitExceeded:0]]
[2022.09.30-00.00.24:637][  0]LogConfig: Setting CVar [[s.TimeLimitExceededMultiplier:1.5]]
[2022.09.30-00.00.24:637][  0]LogConfig: Setting CVar [[s.TimeLimitExceededMinTime:0.005]]
[2022.09.30-00.00.24:637][  0]LogConfig: Setting CVar [[s.UseBackgroundLevelStreaming:1]]
[2022.09.30-00.00.24:637][  0]LogConfig: Setting CVar [[s.PriorityAsyncLoadingExtraTime:15.0]]
[2022.09.30-00.00.24:637][  0]LogConfig: Setting CVar [[s.LevelStreamingActorsUpdateTimeLimit:5.0]]
[2022.09.30-00.00.24:637][  0]LogConfig: Setting CVar [[s.PriorityLevelStreamingActorsUpdateExtraTime:5.0]]
[2022.09.30-00.00.24:637][  0]LogConfig: Setting CVar [[s.LevelStreamingComponentsRegistrationGranularity:10]]
[2022.09.30-00.00.24:637][  0]LogConfig: Setting CVar [[s.UnregisterComponentsTimeLimit:1.0]]
[2022.09.30-00.00.24:637][  0]LogConfig: Setting CVar [[s.LevelStreamingComponentsUnregistrationGranularity:5]]
[2022.09.30-00.00.24:637][  0]LogConfig: Applying CVar settings from Section [/Script/Engine.GarbageCollectionSettings] File [D:/UnrealProject/TTSGame/Saved/Config/Windows/Engine.ini]
[2022.09.30-00.00.24:637][  0]LogConfig: Setting CVar [[gc.MaxObjectsNotConsideredByGC:1]]
[2022.09.30-00.00.24:637][  0]LogConfig: Setting CVar [[gc.SizeOfPermanentObjectPool:0]]
[2022.09.30-00.00.24:637][  0]LogConfig: Setting CVar [[gc.FlushStreamingOnGC:0]]
[2022.09.30-00.00.24:637][  0]LogConfig: Setting CVar [[gc.NumRetriesBeforeForcingGC:10]]
[2022.09.30-00.00.24:637][  0]LogConfig: Setting CVar [[gc.AllowParallelGC:1]]
[2022.09.30-00.00.24:637][  0]LogConfig: Setting CVar [[gc.TimeBetweenPurgingPendingKillObjects:61.1]]
[2022.09.30-00.00.24:637][  0]LogConfig: Setting CVar [[gc.MaxObjectsInEditor:16777216]]
[2022.09.30-00.00.24:637][  0]LogConfig: Setting CVar [[gc.IncrementalBeginDestroyEnabled:1]]
[2022.09.30-00.00.24:637][  0]LogConfig: Setting CVar [[gc.CreateGCClusters:1]]
[2022.09.30-00.00.24:637][  0]LogConfig: Setting CVar [[gc.MinGCClusterSize:5]]
[2022.09.30-00.00.24:637][  0]LogConfig: Setting CVar [[gc.ActorClusteringEnabled:0]]
[2022.09.30-00.00.24:638][  0]LogConfig: Setting CVar [[gc.BlueprintClusteringEnabled:0]]
[2022.09.30-00.00.24:638][  0]LogConfig: Setting CVar [[gc.UseDisregardForGCOnDedicatedServers:0]]
[2022.09.30-00.00.24:638][  0]LogConfig: Applying CVar settings from Section [/Script/Engine.NetworkSettings] File [D:/UnrealProject/TTSGame/Saved/Config/Windows/Engine.ini]
[2022.09.30-00.00.24:638][  0]LogConfig: Applying CVar settings from Section [/Script/UnrealEd.CookerSettings] File [D:/UnrealProject/TTSGame/Saved/Config/Windows/Engine.ini]
[2022.09.30-00.00.24:654][  0]LogConfig: Applying CVar settings from Section [ViewDistanceQuality@3] File [D:/UnrealProject/TTSGame/Saved/Config/Windows/Scalability.ini]
[2022.09.30-00.00.24:654][  0]LogConfig: Setting CVar [[r.SkeletalMeshLODBias:0]]
[2022.09.30-00.00.24:654][  0]LogConfig: Setting CVar [[r.ViewDistanceScale:1.0]]
[2022.09.30-00.00.24:654][  0]LogConfig: Applying CVar settings from Section [AntiAliasingQuality@3] File [D:/UnrealProject/TTSGame/Saved/Config/Windows/Scalability.ini]
[2022.09.30-00.00.24:654][  0]LogConfig: Setting CVar [[r.PostProcessAAQuality:4]]
[2022.09.30-00.00.24:654][  0]LogConfig: Applying CVar settings from Section [ShadowQuality@3] File [D:/UnrealProject/TTSGame/Saved/Config/Windows/Scalability.ini]
[2022.09.30-00.00.24:654][  0]LogConfig: Setting CVar [[r.LightFunctionQuality:1]]
[2022.09.30-00.00.24:654][  0]LogConfig: Setting CVar [[r.ShadowQuality:5]]
[2022.09.30-00.00.24:654][  0]LogConfig: Setting CVar [[r.Shadow.CSM.MaxCascades:10]]
[2022.09.30-00.00.24:654][  0]LogConfig: Setting CVar [[r.Shadow.MaxResolution:2048]]
[2022.09.30-00.00.24:654][  0]LogConfig: Setting CVar [[r.Shadow.MaxCSMResolution:2048]]
[2022.09.30-00.00.24:654][  0]LogConfig: Setting CVar [[r.Shadow.RadiusThreshold:0.01]]
[2022.09.30-00.00.24:654][  0]LogConfig: Setting CVar [[r.Shadow.DistanceScale:1.0]]
[2022.09.30-00.00.24:654][  0]LogConfig: Setting CVar [[r.Shadow.CSM.TransitionScale:1.0]]
[2022.09.30-00.00.24:654][  0]LogConfig: Setting CVar [[r.Shadow.PreShadowResolutionFactor:1.0]]
[2022.09.30-00.00.24:654][  0]LogConfig: Setting CVar [[r.DistanceFieldShadowing:1]]
[2022.09.30-00.00.24:654][  0]LogConfig: Setting CVar [[r.DistanceFieldAO:1]]
[2022.09.30-00.00.24:654][  0]LogConfig: Setting CVar [[r.AOQuality:2]]
[2022.09.30-00.00.24:654][  0]LogConfig: Setting CVar [[r.VolumetricFog:1]]
[2022.09.30-00.00.24:654][  0]LogConfig: Setting CVar [[r.VolumetricFog.GridPixelSize:8]]
[2022.09.30-00.00.24:654][  0]LogConfig: Setting CVar [[r.VolumetricFog.GridSizeZ:128]]
[2022.09.30-00.00.24:654][  0]LogConfig: Setting CVar [[r.VolumetricFog.HistoryMissSupersampleCount:4]]
[2022.09.30-00.00.24:654][  0]LogConfig: Setting CVar [[r.LightMaxDrawDistanceScale:1]]
[2022.09.30-00.00.24:654][  0]LogConfig: Setting CVar [[r.CapsuleShadows:1]]
[2022.09.30-00.00.24:654][  0]LogConfig: Applying CVar settings from Section [PostProcessQuality@3] File [D:/UnrealProject/TTSGame/Saved/Config/Windows/Scalability.ini]
[2022.09.30-00.00.24:654][  0]LogConfig: Setting CVar [[r.MotionBlurQuality:4]]
[2022.09.30-00.00.24:654][  0]LogConfig: Setting CVar [[r.AmbientOcclusionMipLevelFactor:0.4]]
[2022.09.30-00.00.24:654][  0]LogConfig: Setting CVar [[r.AmbientOcclusionMaxQuality:100]]
[2022.09.30-00.00.24:654][  0]LogConfig: Setting CVar [[r.AmbientOcclusionLevels:-1]]
[2022.09.30-00.00.24:654][  0]LogConfig: Setting CVar [[r.AmbientOcclusionRadiusScale:1.0]]
[2022.09.30-00.00.24:654][  0]LogConfig: Setting CVar [[r.DepthOfFieldQuality:2]]
[2022.09.30-00.00.24:654][  0]LogConfig: Setting CVar [[r.RenderTargetPoolMin:400]]
[2022.09.30-00.00.24:654][  0]LogConfig: Setting CVar [[r.LensFlareQuality:2]]
[2022.09.30-00.00.24:654][  0]LogConfig: Setting CVar [[r.SceneColorFringeQuality:1]]
[2022.09.30-00.00.24:654][  0]LogConfig: Setting CVar [[r.EyeAdaptationQuality:2]]
[2022.09.30-00.00.24:654][  0]LogConfig: Setting CVar [[r.BloomQuality:5]]
[2022.09.30-00.00.24:655][  0]LogConfig: Setting CVar [[r.FastBlurThreshold:100]]
[2022.09.30-00.00.24:655][  0]LogConfig: Setting CVar [[r.Upscale.Quality:3]]
[2022.09.30-00.00.24:655][  0]LogConfig: Setting CVar [[r.Tonemapper.GrainQuantization:1]]
[2022.09.30-00.00.24:655][  0]LogConfig: Setting CVar [[r.LightShaftQuality:1]]
[2022.09.30-00.00.24:655][  0]LogConfig: Setting CVar [[r.Filter.SizeScale:1]]
[2022.09.30-00.00.24:655][  0]LogConfig: Setting CVar [[r.Tonemapper.Quality:5]]
[2022.09.30-00.00.24:655][  0]LogConfig: Setting CVar [[r.DOF.Gather.AccumulatorQuality:1        ; higher gathering accumulator quality]]
[2022.09.30-00.00.24:655][  0]LogConfig: Setting CVar [[r.DOF.Gather.PostfilterMethod:1          ; Median3x3 postfilering method]]
[2022.09.30-00.00.24:655][  0]LogConfig: Setting CVar [[r.DOF.Gather.EnableBokehSettings:0       ; no bokeh simulation when gathering]]
[2022.09.30-00.00.24:655][  0]LogConfig: Setting CVar [[r.DOF.Gather.RingCount:4                 ; medium number of samples when gathering]]
[2022.09.30-00.00.24:655][  0]LogConfig: Setting CVar [[r.DOF.Scatter.ForegroundCompositing:1    ; additive foreground scattering]]
[2022.09.30-00.00.24:655][  0]LogConfig: Setting CVar [[r.DOF.Scatter.BackgroundCompositing:2    ; additive background scattering]]
[2022.09.30-00.00.24:655][  0]LogConfig: Setting CVar [[r.DOF.Scatter.EnableBokehSettings:1      ; bokeh simulation when scattering]]
[2022.09.30-00.00.24:655][  0]LogConfig: Setting CVar [[r.DOF.Scatter.MaxSpriteRatio:0.1         ; only a maximum of 10% of scattered bokeh]]
[2022.09.30-00.00.24:655][  0]LogConfig: Setting CVar [[r.DOF.Recombine.Quality:1                ; cheap slight out of focus]]
[2022.09.30-00.00.24:655][  0]LogConfig: Setting CVar [[r.DOF.Recombine.EnableBokehSettings:0    ; no bokeh simulation on slight out of focus]]
[2022.09.30-00.00.24:655][  0]LogConfig: Setting CVar [[r.DOF.TemporalAAQuality:1                ; more stable temporal accumulation]]
[2022.09.30-00.00.24:655][  0]LogConfig: Setting CVar [[r.DOF.Kernel.MaxForegroundRadius:0.025]]
[2022.09.30-00.00.24:655][  0]LogConfig: Setting CVar [[r.DOF.Kernel.MaxBackgroundRadius:0.025]]
[2022.09.30-00.00.24:655][  0]LogConfig: Applying CVar settings from Section [TextureQuality@3] File [D:/UnrealProject/TTSGame/Saved/Config/Windows/Scalability.ini]
[2022.09.30-00.00.24:655][  0]LogConfig: Setting CVar [[r.Streaming.MipBias:0]]
[2022.09.30-00.00.24:655][  0]LogConfig: Setting CVar [[r.Streaming.AmortizeCPUToGPUCopy:0]]
[2022.09.30-00.00.24:655][  0]LogConfig: Setting CVar [[r.Streaming.MaxNumTexturesToStreamPerFrame:0]]
[2022.09.30-00.00.24:655][  0]LogConfig: Setting CVar [[r.Streaming.Boost:1]]
[2022.09.30-00.00.24:655][  0]LogConfig: Setting CVar [[r.MaxAnisotropy:8]]
[2022.09.30-00.00.24:655][  0]LogConfig: Setting CVar [[r.Streaming.LimitPoolSizeToVRAM:0]]
[2022.09.30-00.00.24:655][  0]LogConfig: Setting CVar [[r.Streaming.PoolSize:1000]]
[2022.09.30-00.00.24:655][  0]LogConfig: Setting CVar [[r.Streaming.MaxEffectiveScreenSize:0]]
[2022.09.30-00.00.24:655][  0]LogConfig: Applying CVar settings from Section [EffectsQuality@3] File [D:/UnrealProject/TTSGame/Saved/Config/Windows/Scalability.ini]
[2022.09.30-00.00.24:655][  0]LogConfig: Setting CVar [[r.TranslucencyLightingVolumeDim:64]]
[2022.09.30-00.00.24:655][  0]LogConfig: Setting CVar [[r.RefractionQuality:2]]
[2022.09.30-00.00.24:655][  0]LogConfig: Setting CVar [[r.SSR.Quality:3]]
[2022.09.30-00.00.24:655][  0]LogConfig: Setting CVar [[r.SceneColorFormat:4]]
[2022.09.30-00.00.24:655][  0]LogConfig: Setting CVar [[r.DetailMode:2]]
[2022.09.30-00.00.24:655][  0]LogConfig: Setting CVar [[r.TranslucencyVolumeBlur:1]]
[2022.09.30-00.00.24:655][  0]LogConfig: Setting CVar [[r.MaterialQualityLevel:1 ; High quality]]
[2022.09.30-00.00.24:655][  0]LogConfig: Setting CVar [[r.SSS.Scale:1]]
[2022.09.30-00.00.24:655][  0]LogConfig: Setting CVar [[r.SSS.SampleSet:2]]
[2022.09.30-00.00.24:655][  0]LogConfig: Setting CVar [[r.SSS.Quality:1]]
[2022.09.30-00.00.24:655][  0]LogConfig: Setting CVar [[r.SSS.HalfRes:1]]
[2022.09.30-00.00.24:655][  0]LogConfig: Setting CVar [[r.EmitterSpawnRateScale:1.0]]
[2022.09.30-00.00.24:655][  0]LogConfig: Setting CVar [[r.ParticleLightQuality:2]]
[2022.09.30-00.00.24:656][  0]LogConfig: Applying CVar settings from Section [FoliageQuality@3] File [D:/UnrealProject/TTSGame/Saved/Config/Windows/Scalability.ini]
[2022.09.30-00.00.24:656][  0]LogConfig: Setting CVar [[foliage.DensityScale:1.0]]
[2022.09.30-00.00.24:656][  0]LogConfig: Setting CVar [[grass.DensityScale:1.0]]
[2022.09.30-00.00.24:657][  0]LogInit: Selected Device Profile: [Windows]
[2022.09.30-00.00.24:657][  0]LogInit: Applying CVar settings loaded from the selected device profile: [Windows]
[2022.09.30-00.00.24:663][  0]LogHAL: Display: Platform has ~ 16 GB [17097846784 / 17179869184 / 16], which maps to Larger [LargestMinGB=32, LargerMinGB=12, DefaultMinGB=8, SmallerMinGB=6, SmallestMinGB=0)
[2022.09.30-00.00.24:663][  0]LogInit: Going up to parent DeviceProfile []
[2022.09.30-00.00.24:664][  0]LogConfig: Applying CVar settings from Section [ViewDistanceQuality@3] File [D:/UnrealProject/TTSGame/Saved/Config/Windows/Scalability.ini]
[2022.09.30-00.00.24:664][  0]LogConfig: Setting CVar [[r.SkeletalMeshLODBias:0]]
[2022.09.30-00.00.24:664][  0]LogConfig: Setting CVar [[r.ViewDistanceScale:1.0]]
[2022.09.30-00.00.24:664][  0]LogConfig: Applying CVar settings from Section [AntiAliasingQuality@3] File [D:/UnrealProject/TTSGame/Saved/Config/Windows/Scalability.ini]
[2022.09.30-00.00.24:664][  0]LogConfig: Setting CVar [[r.PostProcessAAQuality:4]]
[2022.09.30-00.00.24:664][  0]LogConfig: Applying CVar settings from Section [ShadowQuality@3] File [D:/UnrealProject/TTSGame/Saved/Config/Windows/Scalability.ini]
[2022.09.30-00.00.24:664][  0]LogConfig: Setting CVar [[r.LightFunctionQuality:1]]
[2022.09.30-00.00.24:664][  0]LogConfig: Setting CVar [[r.ShadowQuality:5]]
[2022.09.30-00.00.24:664][  0]LogConfig: Setting CVar [[r.Shadow.CSM.MaxCascades:10]]
[2022.09.30-00.00.24:664][  0]LogConfig: Setting CVar [[r.Shadow.MaxResolution:2048]]
[2022.09.30-00.00.24:664][  0]LogConfig: Setting CVar [[r.Shadow.MaxCSMResolution:2048]]
[2022.09.30-00.00.24:664][  0]LogConfig: Setting CVar [[r.Shadow.RadiusThreshold:0.01]]
[2022.09.30-00.00.24:664][  0]LogConfig: Setting CVar [[r.Shadow.DistanceScale:1.0]]
[2022.09.30-00.00.24:664][  0]LogConfig: Setting CVar [[r.Shadow.CSM.TransitionScale:1.0]]
[2022.09.30-00.00.24:664][  0]LogConfig: Setting CVar [[r.Shadow.PreShadowResolutionFactor:1.0]]
[2022.09.30-00.00.24:664][  0]LogConfig: Setting CVar [[r.DistanceFieldShadowing:1]]
[2022.09.30-00.00.24:664][  0]LogConfig: Setting CVar [[r.DistanceFieldAO:1]]
[2022.09.30-00.00.24:664][  0]LogConfig: Setting CVar [[r.AOQuality:2]]
[2022.09.30-00.00.24:664][  0]LogConfig: Setting CVar [[r.VolumetricFog:1]]
[2022.09.30-00.00.24:664][  0]LogConfig: Setting CVar [[r.VolumetricFog.GridPixelSize:8]]
[2022.09.30-00.00.24:664][  0]LogConfig: Setting CVar [[r.VolumetricFog.GridSizeZ:128]]
[2022.09.30-00.00.24:664][  0]LogConfig: Setting CVar [[r.VolumetricFog.HistoryMissSupersampleCount:4]]
[2022.09.30-00.00.24:664][  0]LogConfig: Setting CVar [[r.LightMaxDrawDistanceScale:1]]
[2022.09.30-00.00.24:664][  0]LogConfig: Setting CVar [[r.CapsuleShadows:1]]
[2022.09.30-00.00.24:664][  0]LogConfig: Applying CVar settings from Section [PostProcessQuality@3] File [D:/UnrealProject/TTSGame/Saved/Config/Windows/Scalability.ini]
[2022.09.30-00.00.24:664][  0]LogConfig: Setting CVar [[r.MotionBlurQuality:4]]
[2022.09.30-00.00.24:664][  0]LogConfig: Setting CVar [[r.AmbientOcclusionMipLevelFactor:0.4]]
[2022.09.30-00.00.24:664][  0]LogConfig: Setting CVar [[r.AmbientOcclusionMaxQuality:100]]
[2022.09.30-00.00.24:664][  0]LogConfig: Setting CVar [[r.AmbientOcclusionLevels:-1]]
[2022.09.30-00.00.24:664][  0]LogConfig: Setting CVar [[r.AmbientOcclusionRadiusScale:1.0]]
[2022.09.30-00.00.24:664][  0]LogConfig: Setting CVar [[r.DepthOfFieldQuality:2]]
[2022.09.30-00.00.24:664][  0]LogConfig: Setting CVar [[r.RenderTargetPoolMin:400]]
[2022.09.30-00.00.24:664][  0]LogConfig: Setting CVar [[r.LensFlareQuality:2]]
[2022.09.30-00.00.24:664][  0]LogConfig: Setting CVar [[r.SceneColorFringeQuality:1]]
[2022.09.30-00.00.24:664][  0]LogConfig: Setting CVar [[r.EyeAdaptationQuality:2]]
[2022.09.30-00.00.24:664][  0]LogConfig: Setting CVar [[r.BloomQuality:5]]
[2022.09.30-00.00.24:664][  0]LogConfig: Setting CVar [[r.FastBlurThreshold:100]]
[2022.09.30-00.00.24:664][  0]LogConfig: Setting CVar [[r.Upscale.Quality:3]]
[2022.09.30-00.00.24:664][  0]LogConfig: Setting CVar [[r.Tonemapper.GrainQuantization:1]]
[2022.09.30-00.00.24:664][  0]LogConfig: Setting CVar [[r.LightShaftQuality:1]]
[2022.09.30-00.00.24:664][  0]LogConfig: Setting CVar [[r.Filter.SizeScale:1]]
[2022.09.30-00.00.24:664][  0]LogConfig: Setting CVar [[r.Tonemapper.Quality:5]]
[2022.09.30-00.00.24:664][  0]LogConfig: Setting CVar [[r.DOF.Gather.AccumulatorQuality:1        ; higher gathering accumulator quality]]
[2022.09.30-00.00.24:664][  0]LogConfig: Setting CVar [[r.DOF.Gather.PostfilterMethod:1          ; Median3x3 postfilering method]]
[2022.09.30-00.00.24:664][  0]LogConfig: Setting CVar [[r.DOF.Gather.EnableBokehSettings:0       ; no bokeh simulation when gathering]]
[2022.09.30-00.00.24:664][  0]LogConfig: Setting CVar [[r.DOF.Gather.RingCount:4                 ; medium number of samples when gathering]]
[2022.09.30-00.00.24:664][  0]LogConfig: Setting CVar [[r.DOF.Scatter.ForegroundCompositing:1    ; additive foreground scattering]]
[2022.09.30-00.00.24:664][  0]LogConfig: Setting CVar [[r.DOF.Scatter.BackgroundCompositing:2    ; additive background scattering]]
[2022.09.30-00.00.24:664][  0]LogConfig: Setting CVar [[r.DOF.Scatter.EnableBokehSettings:1      ; bokeh simulation when scattering]]
[2022.09.30-00.00.24:664][  0]LogConfig: Setting CVar [[r.DOF.Scatter.MaxSpriteRatio:0.1         ; only a maximum of 10% of scattered bokeh]]
[2022.09.30-00.00.24:664][  0]LogConfig: Setting CVar [[r.DOF.Recombine.Quality:1                ; cheap slight out of focus]]
[2022.09.30-00.00.24:664][  0]LogConfig: Setting CVar [[r.DOF.Recombine.EnableBokehSettings:0    ; no bokeh simulation on slight out of focus]]
[2022.09.30-00.00.24:664][  0]LogConfig: Setting CVar [[r.DOF.TemporalAAQuality:1                ; more stable temporal accumulation]]
[2022.09.30-00.00.24:664][  0]LogConfig: Setting CVar [[r.DOF.Kernel.MaxForegroundRadius:0.025]]
[2022.09.30-00.00.24:664][  0]LogConfig: Setting CVar [[r.DOF.Kernel.MaxBackgroundRadius:0.025]]
[2022.09.30-00.00.24:664][  0]LogConfig: Applying CVar settings from Section [TextureQuality@3] File [D:/UnrealProject/TTSGame/Saved/Config/Windows/Scalability.ini]
[2022.09.30-00.00.24:664][  0]LogConfig: Setting CVar [[r.Streaming.MipBias:0]]
[2022.09.30-00.00.24:664][  0]LogConfig: Setting CVar [[r.Streaming.AmortizeCPUToGPUCopy:0]]
[2022.09.30-00.00.24:664][  0]LogConfig: Setting CVar [[r.Streaming.MaxNumTexturesToStreamPerFrame:0]]
[2022.09.30-00.00.24:664][  0]LogConfig: Setting CVar [[r.Streaming.Boost:1]]
[2022.09.30-00.00.24:664][  0]LogConfig: Setting CVar [[r.MaxAnisotropy:8]]
[2022.09.30-00.00.24:664][  0]LogConfig: Setting CVar [[r.Streaming.LimitPoolSizeToVRAM:0]]
[2022.09.30-00.00.24:664][  0]LogConfig: Setting CVar [[r.Streaming.PoolSize:1000]]
[2022.09.30-00.00.24:664][  0]LogConfig: Setting CVar [[r.Streaming.MaxEffectiveScreenSize:0]]
[2022.09.30-00.00.24:665][  0]LogConfig: Applying CVar settings from Section [EffectsQuality@3] File [D:/UnrealProject/TTSGame/Saved/Config/Windows/Scalability.ini]
[2022.09.30-00.00.24:665][  0]LogConfig: Setting CVar [[r.TranslucencyLightingVolumeDim:64]]
[2022.09.30-00.00.24:665][  0]LogConfig: Setting CVar [[r.RefractionQuality:2]]
[2022.09.30-00.00.24:665][  0]LogConfig: Setting CVar [[r.SSR.Quality:3]]
[2022.09.30-00.00.24:665][  0]LogConfig: Setting CVar [[r.SceneColorFormat:4]]
[2022.09.30-00.00.24:665][  0]LogConfig: Setting CVar [[r.DetailMode:2]]
[2022.09.30-00.00.24:665][  0]LogConfig: Setting CVar [[r.TranslucencyVolumeBlur:1]]
[2022.09.30-00.00.24:665][  0]LogConfig: Setting CVar [[r.MaterialQualityLevel:1 ; High quality]]
[2022.09.30-00.00.24:665][  0]LogConfig: Setting CVar [[r.SSS.Scale:1]]
[2022.09.30-00.00.24:665][  0]LogConfig: Setting CVar [[r.SSS.SampleSet:2]]
[2022.09.30-00.00.24:665][  0]LogConfig: Setting CVar [[r.SSS.Quality:1]]
[2022.09.30-00.00.24:665][  0]LogConfig: Setting CVar [[r.SSS.HalfRes:1]]
[2022.09.30-00.00.24:665][  0]LogConfig: Setting CVar [[r.EmitterSpawnRateScale:1.0]]
[2022.09.30-00.00.24:665][  0]LogConfig: Setting CVar [[r.ParticleLightQuality:2]]
[2022.09.30-00.00.24:665][  0]LogConfig: Applying CVar settings from Section [FoliageQuality@3] File [D:/UnrealProject/TTSGame/Saved/Config/Windows/Scalability.ini]
[2022.09.30-00.00.24:665][  0]LogConfig: Setting CVar [[foliage.DensityScale:1.0]]
[2022.09.30-00.00.24:665][  0]LogConfig: Setting CVar [[grass.DensityScale:1.0]]
[2022.09.30-00.00.24:665][  0]LogConfig: Applying CVar settings from Section [Startup] File [../../../Engine/Config/ConsoleVariables.ini]
[2022.09.30-00.00.24:666][  0]LogConfig: Setting CVar [[net.UseAdaptiveNetUpdateFrequency:0]]
[2022.09.30-00.00.24:666][  0]LogConfig: Setting CVar [[p.chaos.AllowCreatePhysxBodies:1]]
[2022.09.30-00.00.24:666][  0]LogConfig: Applying CVar settings from Section [ConsoleVariables] File [D:/UnrealProject/TTSGame/Saved/Config/Windows/Engine.ini]
[2022.09.30-00.00.24:666][  0]LogInit: Computer: DESKTOP-MURC6HF
[2022.09.30-00.00.24:667][  0]LogInit: User: kimminwoong
[2022.09.30-00.00.24:667][  0]LogInit: CPU Page size=4096, Cores=4
[2022.09.30-00.00.24:667][  0]LogInit: High frequency timer resolution =10.000000 MHz
[2022.09.30-00.00.24:667][  0]LogMemory: Memory total: Physical=15.9GB (16GB approx)
[2022.09.30-00.00.24:667][  0]LogMemory: Platform Memory Stats for Windows
[2022.09.30-00.00.24:667][  0]LogMemory: Process Physical Memory: 103.77 MB used, 103.77 MB peak
[2022.09.30-00.00.24:667][  0]LogMemory: Process Virtual Memory: 88.52 MB used, 88.52 MB peak
[2022.09.30-00.00.24:667][  0]LogMemory: Physical Memory: 8301.96 MB used,  8003.82 MB free, 16305.78 MB total
[2022.09.30-00.00.24:667][  0]LogMemory: Virtual Memory: 4658.50 MB used,  134213072.00 MB free, 134217728.00 MB total
[2022.09.30-00.00.24:685][  0]LogWindows: WindowsPlatformFeatures enabled
[2022.09.30-00.00.24:991][  0]LogInit: Overriding language with editor language configuration option (en).
[2022.09.30-00.00.24:991][  0]LogInit: Overriding locale with editor locale configuration option (en).
[2022.09.30-00.00.25:288][  0]LogInit: Setting process to per monitor DPI aware
[2022.09.30-00.00.25:387][  0]LogSlate: New Slate User Created.  User Index 0, Is Virtual User: 0
[2022.09.30-00.00.25:387][  0]LogSlate: Slate User Registered.  User Index 0, Is Virtual User: 0
[2022.09.30-00.00.26:007][  0]LogHMD: Failed to initialize OpenVR with code 110
[2022.09.30-00.00.26:007][  0]LogD3D11RHI: D3D11 adapters:
[2022.09.30-00.00.26:253][  0]LogD3D11RHI:    0. 'NVIDIA GeForce GTX 970' (Feature Level 11_0)
[2022.09.30-00.00.26:253][  0]LogD3D11RHI:       4043/0/8152 MB DedicatedVideo/DedicatedSystem/SharedSystem, Outputs:2, VendorId:0x10de
[2022.09.30-00.00.26:256][  0]LogD3D11RHI:    1. 'Microsoft Basic Render Driver' (Feature Level 11_0)
[2022.09.30-00.00.26:256][  0]LogD3D11RHI:       0/0/8152 MB DedicatedVideo/DedicatedSystem/SharedSystem, Outputs:0, VendorId:0x1414
[2022.09.30-00.00.26:256][  0]LogD3D11RHI: Chosen D3D11 Adapter: 0
[2022.09.30-00.00.26:265][  0]LogD3D11RHI: Creating new Direct3DDevice
[2022.09.30-00.00.26:265][  0]LogD3D11RHI:     GPU DeviceId: 0x13c2 (for the marketing name, search the web for "GPU Device Id")
[2022.09.30-00.00.26:265][  0]LogWindows: EnumDisplayDevices:
[2022.09.30-00.00.26:265][  0]LogWindows:    0. 'NVIDIA GeForce GTX 970' (P:1 D:1)
[2022.09.30-00.00.26:267][  0]LogWindows:    1. 'NVIDIA GeForce GTX 970' (P:0 D:1)
[2022.09.30-00.00.26:268][  0]LogWindows:    2. 'NVIDIA GeForce GTX 970' (P:0 D:0)
[2022.09.30-00.00.26:269][  0]LogWindows:    3. 'NVIDIA GeForce GTX 970' (P:0 D:0)
[2022.09.30-00.00.26:270][  0]LogWindows: DebugString: FoundDriverCount:4 
[2022.09.30-00.00.26:270][  0]LogD3D11RHI:     Adapter Name: NVIDIA GeForce GTX 970
[2022.09.30-00.00.26:271][  0]LogD3D11RHI:   Driver Version: 516.94 (internal:31.0.15.1694, unified:516.94)
[2022.09.30-00.00.26:271][  0]LogD3D11RHI:      Driver Date: 7-21-2022
[2022.09.30-00.00.26:271][  0]LogRHI: Texture pool is 2830 MB (70% of 4043 MB)
[2022.09.30-00.00.26:351][  0]LogD3D11RHI: Async texture creation enabled
[2022.09.30-00.00.26:387][  0]LogD3D11RHI: GPU Timing Frequency: 1000.000000 (Debug: 2 1)
[2022.09.30-00.00.27:375][  0]LogTemp: Display: Module 'AllDesktopTargetPlatform' loaded TargetPlatform 'AllDesktop'
[2022.09.30-00.00.27:386][  0]LogTemp: Display: Module 'MacClientTargetPlatform' loaded TargetPlatform 'MacClient'
[2022.09.30-00.00.27:397][  0]LogTemp: Display: Module 'MacNoEditorTargetPlatform' loaded TargetPlatform 'MacNoEditor'
[2022.09.30-00.00.27:407][  0]LogTemp: Display: Module 'MacServerTargetPlatform' loaded TargetPlatform 'MacServer'
[2022.09.30-00.00.27:418][  0]LogTemp: Display: Module 'MacTargetPlatform' loaded TargetPlatform 'Mac'
[2022.09.30-00.00.27:429][  0]LogTemp: Display: Module 'WindowsClientTargetPlatform' loaded TargetPlatform 'WindowsClient'
[2022.09.30-00.00.27:442][  0]LogTemp: Display: Module 'WindowsNoEditorTargetPlatform' loaded TargetPlatform 'WindowsNoEditor'
[2022.09.30-00.00.27:452][  0]LogTemp: Display: Module 'WindowsServerTargetPlatform' loaded TargetPlatform 'WindowsServer'
[2022.09.30-00.00.27:458][  0]LogTemp: Display: Module 'WindowsTargetPlatform' loaded TargetPlatform 'Windows'
[2022.09.30-00.00.27:497][  0]LogTemp: Display: Module 'AndroidTargetPlatform' loaded TargetPlatform 'Android'
[2022.09.30-00.00.27:497][  0]LogTemp: Display: Module 'AndroidTargetPlatform' loaded TargetPlatform 'Android_ASTC'
[2022.09.30-00.00.27:497][  0]LogTemp: Display: Module 'AndroidTargetPlatform' loaded TargetPlatform 'Android_ATC'
[2022.09.30-00.00.27:497][  0]LogTemp: Display: Module 'AndroidTargetPlatform' loaded TargetPlatform 'Android_DXT'
[2022.09.30-00.00.27:497][  0]LogTemp: Display: Module 'AndroidTargetPlatform' loaded TargetPlatform 'Android_ETC1'
[2022.09.30-00.00.27:497][  0]LogTemp: Display: Module 'AndroidTargetPlatform' loaded TargetPlatform 'Android_ETC1a'
[2022.09.30-00.00.27:497][  0]LogTemp: Display: Module 'AndroidTargetPlatform' loaded TargetPlatform 'Android_ETC2'
[2022.09.30-00.00.27:497][  0]LogTemp: Display: Module 'AndroidTargetPlatform' loaded TargetPlatform 'Android_PVRTC'
[2022.09.30-00.00.27:497][  0]LogTemp: Display: Module 'AndroidTargetPlatform' loaded TargetPlatform 'AndroidClient'
[2022.09.30-00.00.27:497][  0]LogTemp: Display: Module 'AndroidTargetPlatform' loaded TargetPlatform 'Android_ASTCClient'
[2022.09.30-00.00.27:497][  0]LogTemp: Display: Module 'AndroidTargetPlatform' loaded TargetPlatform 'Android_ATCClient'
[2022.09.30-00.00.27:497][  0]LogTemp: Display: Module 'AndroidTargetPlatform' loaded TargetPlatform 'Android_DXTClient'
[2022.09.30-00.00.27:497][  0]LogTemp: Display: Module 'AndroidTargetPlatform' loaded TargetPlatform 'Android_ETC1Client'
[2022.09.30-00.00.27:497][  0]LogTemp: Display: Module 'AndroidTargetPlatform' loaded TargetPlatform 'Android_ETC1aClient'
[2022.09.30-00.00.27:497][  0]LogTemp: Display: Module 'AndroidTargetPlatform' loaded TargetPlatform 'Android_ETC2Client'
[2022.09.30-00.00.27:497][  0]LogTemp: Display: Module 'AndroidTargetPlatform' loaded TargetPlatform 'Android_PVRTCClient'
[2022.09.30-00.00.27:497][  0]LogTemp: Display: Module 'AndroidTargetPlatform' loaded TargetPlatform 'Android_Multi'
[2022.09.30-00.00.27:497][  0]LogTemp: Display: Module 'AndroidTargetPlatform' loaded TargetPlatform 'Android_MultiClient'
[2022.09.30-00.00.27:502][  0]LogTemp: Display: Module 'HTML5TargetPlatform' loaded TargetPlatform 'HTML5'
[2022.09.30-00.00.27:526][  0]LogTemp: Display: Module 'IOSTargetPlatform' loaded TargetPlatform 'IOSClient'
[2022.09.30-00.00.27:526][  0]LogTemp: Display: Module 'IOSTargetPlatform' loaded TargetPlatform 'IOS'
[2022.09.30-00.00.27:541][  0]LogTemp: Display: Module 'TVOSTargetPlatform' loaded TargetPlatform 'TVOSClient'
[2022.09.30-00.00.27:541][  0]LogTemp: Display: Module 'TVOSTargetPlatform' loaded TargetPlatform 'TVOS'
[2022.09.30-00.00.27:550][  0]LogTemp: Display: Module 'LinuxClientTargetPlatform' loaded TargetPlatform 'LinuxClient'
[2022.09.30-00.00.27:560][  0]LogTemp: Display: Module 'LinuxNoEditorTargetPlatform' loaded TargetPlatform 'LinuxNoEditor'
[2022.09.30-00.00.27:572][  0]LogTemp: Display: Module 'LinuxServerTargetPlatform' loaded TargetPlatform 'LinuxServer'
[2022.09.30-00.00.27:583][  0]LogTemp: Display: Module 'LinuxTargetPlatform' loaded TargetPlatform 'Linux'
[2022.09.30-00.00.27:611][  0]LogTemp: Display: Module 'LuminTargetPlatform' loaded TargetPlatform 'Lumin'
[2022.09.30-00.00.27:611][  0]LogTemp: Display: Module 'LuminTargetPlatform' loaded TargetPlatform 'LuminClient'
[2022.09.30-00.00.27:611][  0]LogTargetPlatformManager: Display: Building Assets For Windows
[2022.09.30-00.00.27:632][  0]LogAudioDebug: Display: Lib vorbis DLL was dynamically loaded.
[2022.09.30-00.00.27:771][  0]LogShaderCompilers: Guid format shader working directory is 18 characters bigger than the processId version (../../../../UnrealProject/TTSGame/Intermediate/Shaders/WorkingDirectory/23584/).
[2022.09.30-00.00.27:772][  0]LogShaderCompilers: Cleaned the shader compiler working directory 'C:/Users/kimminwoong/AppData/Local/Temp/UnrealShaderWorkingDir/5EE8DE6A41973F8E3F94A7A4E87F8810/'.
[2022.09.30-00.00.27:776][  0]LogXGEController: Cleaning working directory: C:/Users/kimminwoong/AppData/Local/Temp/UnrealXGEWorkingDir/
[2022.09.30-00.00.27:776][  0]LogXGEController: Cannot use XGE Controller as Incredibuild is not installed on this machine.
[2022.09.30-00.00.27:777][  0]LogShaderCompilers: Cannot use XGE Shader Compiler as Incredibuild is not installed on this machine.
[2022.09.30-00.00.27:777][  0]LogShaderCompilers: Display: Using Local Shader Compiler.
[2022.09.30-00.00.28:755][  0]LogDerivedDataCache: Display: Max Cache Size: 512 MB
[2022.09.30-00.00.28:969][  0]LogDerivedDataCache: Loaded boot cache 0.21s 73MB C:/Users/kimminwoong/AppData/Local/UnrealEngine/4.23/DerivedDataCache/Boot.ddc.
[2022.09.30-00.00.28:969][  0]LogDerivedDataCache: Display: Loaded Boot cache: C:/Users/kimminwoong/AppData/Local/UnrealEngine/4.23/DerivedDataCache/Boot.ddc
[2022.09.30-00.00.28:969][  0]LogDerivedDataCache: FDerivedDataBackendGraph:  Pak pak cache file ../../../../UnrealProject/TTSGame/DerivedDataCache/DDC.ddp not found, will not use a pak cache.
[2022.09.30-00.00.28:969][  0]LogDerivedDataCache: Unable to find inner node Pak for hierarchical cache Hierarchy.
[2022.09.30-00.00.28:969][  0]LogDerivedDataCache: FDerivedDataBackendGraph:  CompressedPak pak cache file ../../../../UnrealProject/TTSGame/DerivedDataCache/Compressed.ddp not found, will not use a pak cache.
[2022.09.30-00.00.28:969][  0]LogDerivedDataCache: Unable to find inner node CompressedPak for hierarchical cache Hierarchy.
[2022.09.30-00.00.28:986][  0]LogDerivedDataCache: Display: Pak cache opened for reading ../../../Engine/DerivedDataCache/Compressed.ddp.
[2022.09.30-00.00.28:986][  0]LogDerivedDataCache: FDerivedDataBackendGraph:  EnterprisePak pak cache file ../../../Enterprise/DerivedDataCache/Compressed.ddp not found, will not use a pak cache.
[2022.09.30-00.00.28:986][  0]LogDerivedDataCache: Unable to find inner node EnterprisePak for hierarchical cache Hierarchy.
[2022.09.30-00.00.28:988][  0]LogDerivedDataCache: Using Local data cache path C:/Users/kimminwoong/AppData/Local/UnrealEngine/Common/DerivedDataCache: Writable
[2022.09.30-00.00.28:988][  0]LogDerivedDataCache: Shared data cache path not found in *engine.ini, will not use an Shared cache.
[2022.09.30-00.00.28:988][  0]LogDerivedDataCache: Unable to find inner node Shared for hierarchical cache Hierarchy.
[2022.09.30-00.00.29:019][  0]LogMaterial: Verifying Global Shaders for PCD3D_SM5
[2022.09.30-00.00.29:028][  0]LogSlate: Using FreeType 2.6.0
[2022.09.30-00.00.29:037][  0]LogSlate: SlateFontServices - WITH_FREETYPE: 1, WITH_HARFBUZZ: 1
[2022.09.30-00.00.29:260][  0]LogAssetRegistry: FAssetRegistry took 0.0070 seconds to start up
[2022.09.30-00.00.29:741][  0]LogInit: Selected Device Profile: [Windows]
[2022.09.30-00.00.30:050][  0]LogMeshReduction: Using QuadricMeshReduction for automatic static mesh reduction
[2022.09.30-00.00.30:050][  0]LogMeshReduction: Using SimplygonMeshReduction for automatic skeletal mesh reduction
[2022.09.30-00.00.30:050][  0]LogMeshReduction: Using ProxyLODMeshReduction for automatic mesh merging
[2022.09.30-00.00.30:050][  0]LogMeshReduction: No distributed automatic mesh merging module available
[2022.09.30-00.00.30:050][  0]LogMeshMerging: No distributed automatic mesh merging module available
[2022.09.30-00.00.30:084][  0]LogNetVersion: TTSGame 1.0.0, NetCL: 8386587, EngineNetVer: 11, GameNetVer: 0 (Checksum: 1457153238)
[2022.09.30-00.00.30:849][  0]LogPackageLocalizationCache: Processed 12 localized package path(s) for 1 prioritized culture(s) in 0.053418 seconds
[2022.09.30-00.00.30:856][  0]LogUObjectArray: 43444 objects as part of root set at end of initial load.
[2022.09.30-00.00.30:856][  0]LogUObjectAllocator: 7548648 out of 0 bytes used by permanent object pool.
[2022.09.30-00.00.30:856][  0]LogUObjectArray: CloseDisregardForGC: 0/0 objects in disregard for GC pool
[2022.09.30-00.00.33:939][  0]LogTcpMessaging: Initializing TcpMessaging bridge
[2022.09.30-00.00.33:946][  0]LogUdpMessaging: Initializing bridge on interface 0.0.0.0:0 to multicast group 230.0.0.1:6666.
[2022.09.30-00.00.34:079][  0]SourceControl: Source control is disabled
[2022.09.30-00.00.34:079][  0]SourceControl: Source control is disabled
[2022.09.30-00.00.34:093][  0]SourceControl: Source control is disabled
[2022.09.30-00.00.34:098][  0]SourceControl: Source control is disabled
[2022.09.30-00.00.34:355][  0]LogAndroidPermission: UAndroidPermissionCallbackProxy::GetInstance
[2022.09.30-00.00.34:827][  0]LogOcInput: OculusInput pre-init called
[2022.09.30-00.00.34:841][  0]LogWindows: Failed to load 'OVRPlugin.dll' (GetLastError=126)
[2022.09.30-00.00.34:841][  0]LogWindows: File 'OVRPlugin.dll' does not exist
[2022.09.30-00.00.34:974][  0]LogEngine: Initializing Engine...
[2022.09.30-00.00.34:978][  0]LogHMD: Failed to initialize OpenVR with code 110
[2022.09.30-00.00.34:981][  0]LogStats: UGameplayTagsManager::InitializeManager -  0.001 s
[2022.09.30-00.00.35:291][  0]LogInit: Initializing FReadOnlyCVARCache
[2022.09.30-00.00.35:334][  0]LogAIModule: Creating AISystem for world Untitled
[2022.09.30-00.00.35:488][  0]LogInit: XAudio2 using '스피커(Realtek High Definition Audio)' : 2 channels at 48 kHz using 32 bits per sample (channel mask 0x3)
[2022.09.30-00.00.35:604][  0]LogInit: FAudioDevice initialized.
[2022.09.30-00.00.35:604][  0]LogNetVersion: Set ProjectVersion to 1.0.0.0. Version Checksum will be recalculated on next use.
[2022.09.30-00.00.35:694][  0]LogDerivedDataCache: Saved boot cache 0.09s 73MB C:/Users/kimminwoong/AppData/Local/UnrealEngine/4.23/DerivedDataCache/Boot.ddc.
[2022.09.30-00.00.35:694][  0]LogInit: Texture streaming: Enabled
[2022.09.30-00.00.35:729][  0]LogEngineSessionManager: EngineSessionManager initialized
[2022.09.30-00.00.35:729][  0]LogEditorSessionSummary: Verbose: Initializing EditorSessionSummaryWriter for editor session tracking
[2022.09.30-00.00.35:735][  0]LogEditorSessionSummary: EditorSessionSummaryWriter initialized
[2022.09.30-00.00.35:804][  0]LogInit: Transaction tracking system initialized
[2022.09.30-00.00.35:886][  0]BlueprintLog: New page: Editor Load
[2022.09.30-00.00.36:091][  0]LocalizationService: Localization service is disabled
[2022.09.30-00.00.36:522][  0]LogCook: Display: Max memory allowance for cook 16384mb min free memory 0mb
[2022.09.30-00.00.36:522][  0]LogCook: Display: Mobile HDR setting 1
[2022.09.30-00.00.36:986][  0]LogFileCache: Scanning file cache for directory 'D:/UnrealProject/TTSGame/Content/' took 0.02s
[2022.09.30-00.00.36:986][  0]SourceControl: Source control is disabled
[2022.09.30-00.00.36:988][  0]Cmd: MAP LOAD FILE="../../../../UnrealProject/TTSGame/Content/Maps/NewMap.umap" TEMPLATE=0 SHOWPROGRESS=1 FEATURELEVEL=3
[2022.09.30-00.00.36:991][  0]LightingResults: New page: Lighting Build
[2022.09.30-00.00.36:996][  0]LogWorld: UWorld::CleanupWorld for Untitled, bSessionEnded=true, bCleanupResources=true
[2022.09.30-00.00.36:998][  0]MapCheck: New page: Map Check
[2022.09.30-00.00.36:998][  0]LightingResults: New page: Lighting Build
[2022.09.30-00.00.37:025][  0]LogUObjectHash: Compacting FUObjectHashTables data took   1.62ms
[2022.09.30-00.00.37:216][  0]LogAIModule: Creating AISystem for world NewMap
[2022.09.30-00.00.37:237][  0]LogEditorServer: Finished looking for orphan Actors (0.000 secs)
[2022.09.30-00.00.37:267][  0]LogUObjectHash: Compacting FUObjectHashTables data took   2.03ms
[2022.09.30-00.00.37:268][  0]Cmd: MAP CHECKDEP NOCLEARLOG
[2022.09.30-00.00.37:268][  0]MapCheck: Map check complete: 0 Error(s), 0 Warning(s), took 0.455ms to complete.
[2022.09.30-00.00.37:268][  0]LogFileHelpers: Loading map 'NewMap' took 0.280
[2022.09.30-00.00.37:456][  0]LogSlate: Updating window title bar state: overlay mode, drag disabled, window buttons hidden, title bar hidden
[2022.09.30-00.00.37:465][  0]LogSlate: Updating window title bar state: overlay mode, drag disabled, window buttons hidden, title bar hidden
[2022.09.30-00.00.37:473][  0]LogSlate: Updating window title bar state: overlay mode, drag disabled, window buttons hidden, title bar hidden
[2022.09.30-00.00.37:480][  0]LogSlate: Updating window title bar state: overlay mode, drag disabled, window buttons hidden, title bar hidden
[2022.09.30-00.00.37:499][  0]LogCollectionManager: Loaded 0 collections in 0.002399 seconds
[2022.09.30-00.00.37:524][  0]LogFileCache: Scanning file cache for directory 'D:/UnrealProject/TTSGame/Saved/Collections/' took 0.00s
[2022.09.30-00.00.37:524][  0]LogFileCache: Scanning file cache for directory 'D:/UnrealProject/TTSGame/Content/Developers/kimminwoong/Collections/' took 0.00s
[2022.09.30-00.00.37:524][  0]LogFileCache: Scanning file cache for directory 'D:/UnrealProject/TTSGame/Content/Collections/' took 0.00s
[2022.09.30-00.00.37:524][  0]LogCollectionManager: Rebuilt the GUID cache for 0 collections in 0.000002 seconds
[2022.09.30-00.00.37:535][  0]LogContentBrowser: Native class hierarchy populated in 0.0081 seconds. Added 2863 classes and 680 folders.
[2022.09.30-00.00.37:547][  0]LogContentBrowser: Native class hierarchy updated for 'WidgetCarousel' in 0.0002 seconds. Added 0 classes and 0 folders.
[2022.09.30-00.00.37:719][  0]LogContentBrowser: Native class hierarchy updated for 'AddContentDialog' in 0.0002 seconds. Added 0 classes and 0 folders.
[2022.09.30-00.00.37:743][  0]LogContentBrowser: Native class hierarchy updated for 'SceneOutliner' in 0.0004 seconds. Added 1 classes and 2 folders.
[2022.09.30-00.00.37:939][  0]LogSlate: Took 0.002941 seconds to synchronously load lazily loaded font '../../../Engine/Content/Slate/Fonts/Roboto-Regular.ttf' (155K)
[2022.09.30-00.00.37:945][  0]LogSlate: Took 0.003097 seconds to synchronously load lazily loaded font '../../../Engine/Content/Slate/Fonts/Roboto-Bold.ttf' (160K)
[2022.09.30-00.00.37:953][  0]LogSlate: Took 0.001365 seconds to synchronously load lazily loaded font '../../../Engine/Content/Editor/Slate/Fonts/FontAwesome.ttf' (139K)
[2022.09.30-00.00.38:041][  0]LogRenderer: Reallocating scene render targets to support 1208x572 Format 10 NumSamples 1 (Frame:1).
[2022.09.30-00.00.38:200][  0]LogContentBrowser: Native class hierarchy updated for 'HierarchicalLODOutliner' in 0.0002 seconds. Added 0 classes and 0 folders.
[2022.09.30-00.00.38:201][  0]LogLoad: (Engine Initialization) Total time: 17.51 seconds
[2022.09.30-00.00.38:201][  0]LogLoad: (Engine Initialization) Total Blueprint compile time: 0.00 seconds
[2022.09.30-00.00.38:274][  0]LogContentStreaming: Texture pool size now 1000 MB
[2022.09.30-00.00.38:296][  0]LogSlate: Took 0.001673 seconds to synchronously load lazily loaded font '../../../Engine/Content/Slate/Fonts/Roboto-Light.ttf' (167K)
[2022.09.30-00.00.38:442][  3]LogAssetRegistry: Asset discovery search completed in 9.1817 seconds
[2022.09.30-00.00.38:446][  3]LogCollectionManager: Rebuilt the object cache for 0 collections in 0.000009 seconds (found 0 objects)
[2022.09.30-00.00.38:446][  3]LogCollectionManager: Fixed up redirectors for 0 collections in 0.000103 seconds (updated 0 objects)
[2022.09.30-00.00.39:233][ 50]LogSlate: Took 0.000309 seconds to synchronously load lazily loaded font '../../../Engine/Content/Slate/Fonts/Roboto-Light.ttf' (167K)
[2022.09.30-00.00.43:818][325]LogSlate: FSceneViewport::OnFocusLost() reason 0
[2022.09.30-00.00.45:199][408]LogSlate: FSceneViewport::OnFocusLost() reason 0
[2022.09.30-00.00.49:301][653]LogAssetEditorManager: Opening Asset editor for Blueprint /Game/BluePrint/BP_TTSPlayerController.BP_TTSPlayerController
[2022.09.30-00.00.49:596][653]LogContentBrowser: Native class hierarchy updated for 'BlueprintGraph' in 0.0005 seconds. Added 121 classes and 0 folders.
[2022.09.30-00.00.50:596][653]LogSlate: Took 0.001358 seconds to synchronously load lazily loaded font '../../../Engine/Content/Slate/Fonts/Roboto-BoldCondensed.ttf' (158K)
[2022.09.30-00.00.50:707][654]LogSlate: Took 0.001531 seconds to synchronously load lazily loaded font '../../../Engine/Content/Slate/Fonts/Roboto-Italic.ttf' (157K)
[2022.09.30-00.00.53:689][832]LogWorld: UWorld::CleanupWorld for World_1, bSessionEnded=true, bCleanupResources=true
[2022.09.30-00.00.58:640][120]LogAssetEditorManager: Opening Asset editor for Blueprint /Game/BluePrint/GameSetting/BP_TTSGameStateBase.BP_TTSGameStateBase
[2022.09.30-00.01.38:226][438]LogEditorSessionSummary: EditorSessionSummary sent report. Type=Shutdown, SessionId={7D8F899F-4349-E302-B85D-B5BA7DCFA926}
[2022.09.30-00.02.00:625][782]BlueprintLog: New page: Compile BP_TTSGameStateBase
[2022.09.30-00.02.00:809][782]LogUObjectHash: Compacting FUObjectHashTables data took   3.95ms
[2022.09.30-00.02.01:122][798]Cmd: OBJ SAVEPACKAGE PACKAGE="/Game/BluePrint/GameSetting/BP_TTSGameStateBase" FILE="../../../../UnrealProject/TTSGame/Content/BluePrint/GameSetting/BP_TTSGameStateBase.uasset" SILENT=true
[2022.09.30-00.02.01:165][798]LogSavePackage: Moving '../../../../UnrealProject/TTSGame/Saved/BP_TTSGameStateBaseEF097F7B4CCC2346EC9645B3E6F08BBF.tmp' to '../../../../UnrealProject/TTSGame/Content/BluePrint/GameSetting/BP_TTSGameStateBase.uasset'
[2022.09.30-00.21.26:463][688]LogAssetEditorManager: Opening Asset editor for Blueprint /Game/BluePrint/Libary/BPFL_TTSFunctionLib.BPFL_TTSFunctionLib
[2022.09.30-00.21.53:264][274]LogWorld: UWorld::CleanupWorld for World_3, bSessionEnded=true, bCleanupResources=true
[2022.09.30-00.30.56:401][910]LogUObjectHash: Compacting FUObjectHashTables data took   3.29ms
[2022.09.30-00.30.56:451][910]LogWorld: UWorld::CleanupWorld for World_2, bSessionEnded=true, bCleanupResources=true
[2022.09.30-00.30.56:489][910]LogSlate: Window 'TTSGame - Unreal Editor' being destroyed
[2022.09.30-00.30.56:605][911]Cmd: QUIT_EDITOR
[2022.09.30-00.30.56:643][911]LogWindowsTextInputMethodSystem: Display: IME system now activated using TSF (Microsoft 입력기).
[2022.09.30-00.30.56:655][911]LogExit: Preparing to exit.
[2022.09.30-00.30.56:886][911]LogWorld: UWorld::CleanupWorld for World_0, bSessionEnded=true, bCleanupResources=true
[2022.09.30-00.30.56:916][911]LogDemo: Cleaned up 0 splitscreen connections with owner deletion
[2022.09.30-00.30.56:927][911]LogWorld: UWorld::CleanupWorld for None, bSessionEnded=true, bCleanupResources=true
[2022.09.30-00.30.56:928][911]LogExit: Editor shut down
[2022.09.30-00.30.56:928][911]LogExit: Transaction tracking system shut down
[2022.09.30-00.30.57:189][911]LogExit: Object subsystem successfully closed.
[2022.09.30-00.30.57:220][911]LogShaderCompilers: Display: Shaders left to compile 0
[2022.09.30-00.30.57:257][911]LogModuleManager: Shutting down and abandoning module BlueprintGraph (670)
[2022.09.30-00.30.57:257][911]LogModuleManager: Shutting down and abandoning module HierarchicalLODOutliner (668)
[2022.09.30-00.30.57:257][911]LogModuleManager: Shutting down and abandoning module SceneOutliner (666)
[2022.09.30-00.30.57:257][911]LogModuleManager: Shutting down and abandoning module AddContentDialog (664)
[2022.09.30-00.30.57:257][911]LogModuleManager: Shutting down and abandoning module WidgetCarousel (663)
[2022.09.30-00.30.57:257][911]LogModuleManager: Shutting down and abandoning module EditorWidgets (660)
[2022.09.30-00.30.57:257][911]LogModuleManager: Shutting down and abandoning module CollectionManager (658)
[2022.09.30-00.30.57:258][911]LogModuleManager: Shutting down and abandoning module StatsViewer (656)
[2022.09.30-00.30.57:258][911]LogModuleManager: Shutting down and abandoning module VirtualTexturingEditor (654)
[2022.09.30-00.30.57:258][911]LogModuleManager: Shutting down and abandoning module FoliageEdit (652)
[2022.09.30-00.30.57:259][911]LogModuleManager: Shutting down and abandoning module LandscapeEditor (650)
[2022.09.30-00.30.57:260][911]LogModuleManager: Shutting down and abandoning module MeshPaintMode (648)
[2022.09.30-00.30.57:260][911]LogModuleManager: Shutting down and abandoning module SceneDepthPickerMode (646)
[2022.09.30-00.30.57:261][911]LogModuleManager: Shutting down and abandoning module ActorPickerMode (644)
[2022.09.30-00.30.57:261][911]LogModuleManager: Shutting down and abandoning module GeometryMode (642)
[2022.09.30-00.30.57:261][911]LogModuleManager: Shutting down and abandoning module TextureAlignMode (640)
[2022.09.30-00.30.57:261][911]LogModuleManager: Shutting down and abandoning module BspMode (638)
[2022.09.30-00.30.57:261][911]LogModuleManager: Shutting down and abandoning module PIEPreviewDeviceProfileSelector (636)
[2022.09.30-00.30.57:261][911]LogModuleManager: Shutting down and abandoning module SequenceRecorderSections (634)
[2022.09.30-00.30.57:261][911]LogModuleManager: Shutting down and abandoning module AutomationWorker (632)
[2022.09.30-00.30.57:261][911]LogModuleManager: Shutting down and abandoning module OculusMR (630)
[2022.09.30-00.30.57:261][911]LogModuleManager: Shutting down and abandoning module AudioCaptureEditor (628)
[2022.09.30-00.30.57:261][911]LogModuleManager: Shutting down and abandoning module MatineeToLevelSequence (626)
[2022.09.30-00.30.57:261][911]LogModuleManager: Shutting down and abandoning module LevelSequenceEditor (624)
[2022.09.30-00.30.57:262][911]LogModuleManager: Shutting down and abandoning module PlacementMode (623)
[2022.09.30-00.30.57:263][911]LogModuleManager: Shutting down and abandoning module MaterialEditor (622)
[2022.09.30-00.30.57:264][911]LogModuleManager: Shutting down and abandoning module ActorSequenceEditor (618)
[2022.09.30-00.30.57:264][911]LogModuleManager: Shutting down and abandoning module WmfMediaFactory (616)
[2022.09.30-00.30.57:264][911]LogModuleManager: Shutting down and abandoning module WmfMediaEditor (614)
[2022.09.30-00.30.57:264][911]LogModuleManager: Shutting down and abandoning module WebMMediaFactory (612)
[2022.09.30-00.30.57:264][911]LogModuleManager: Shutting down and abandoning module WebMMediaEditor (610)
[2022.09.30-00.30.57:264][911]LogModuleManager: Shutting down and abandoning module WebMMedia (608)
[2022.09.30-00.30.57:265][911]LogModuleManager: Shutting down and abandoning module MediaPlayerEditor (606)
[2022.09.30-00.30.57:265][911]LogModuleManager: Shutting down and abandoning module MediaCompositingEditor (604)
[2022.09.30-00.30.57:266][911]LogModuleManager: Shutting down and abandoning module SequenceRecorder (603)
[2022.09.30-00.30.57:266][911]LogModuleManager: Shutting down and abandoning module OpenExrWrapper (600)
[2022.09.30-00.30.57:266][911]LogModuleManager: Shutting down and abandoning module ImgMediaFactory (598)
[2022.09.30-00.30.57:266][911]LogModuleManager: Shutting down and abandoning module ImgMediaEditor (596)
[2022.09.30-00.30.57:266][911]LogModuleManager: Shutting down and abandoning module AvfMediaFactory (594)
[2022.09.30-00.30.57:266][911]LogModuleManager: Shutting down and abandoning module AvfMediaEditor (592)
[2022.09.30-00.30.57:266][911]LogModuleManager: Shutting down and abandoning module AndroidMediaFactory (590)
[2022.09.30-00.30.57:266][911]LogModuleManager: Shutting down and abandoning module AndroidMediaEditor (588)
[2022.09.30-00.30.57:266][911]LogModuleManager: Shutting down and abandoning module MagicLeapCameraPreviewFactory (586)
[2022.09.30-00.30.57:266][911]LogModuleManager: Shutting down and abandoning module MagicLeapMediaCodecFactory (584)
[2022.09.30-00.30.57:266][911]LogModuleManager: Shutting down and abandoning module MagicLeapMediaFactory (582)
[2022.09.30-00.30.57:266][911]LogModuleManager: Shutting down and abandoning module MagicLeapMediaEditor (580)
[2022.09.30-00.30.57:266][911]LogModuleManager: Shutting down and abandoning module CharacterAI (578)
[2022.09.30-00.30.57:266][911]LogModuleManager: Shutting down and abandoning module SmartSnapping (576)
[2022.09.30-00.30.57:266][911]LogModuleManager: Shutting down and abandoning module SessionServices (574)
[2022.09.30-00.30.57:266][911]LogModuleManager: Shutting down and abandoning module MeshPaint (572)
[2022.09.30-00.30.57:268][911]LogModuleManager: Shutting down and abandoning module ViewportSnapping (570)
[2022.09.30-00.30.57:268][911]LogModuleManager: Shutting down and abandoning module ViewportInteraction (568)
[2022.09.30-00.30.57:268][911]LogModuleManager: Shutting down and abandoning module ClothPainter (566)
[2022.09.30-00.30.57:268][911]LogModuleManager: Shutting down and abandoning module SkeletalMeshEditor (565)
[2022.09.30-00.30.57:269][911]LogModuleManager: Shutting down and abandoning module LogVisualizer (562)
[2022.09.30-00.30.57:270][911]LogModuleManager: Shutting down and abandoning module IntroTutorials (560)
[2022.09.30-00.30.57:270][911]LogModuleManager: Shutting down and abandoning module GameProjectGeneration (559)
[2022.09.30-00.30.57:271][911]LogModuleManager: Shutting down and abandoning module LuminPlatformEditor (556)
[2022.09.30-00.30.57:271][911]LogModuleManager: Shutting down and abandoning module IOSPlatformEditor (554)
[2022.09.30-00.30.57:271][911]LogModuleManager: Shutting down and abandoning module HTML5PlatformEditor (552)
[2022.09.30-00.30.57:271][911]LogModuleManager: Shutting down and abandoning module AndroidPlatformEditor (550)
[2022.09.30-00.30.57:271][911]LogModuleManager: Shutting down and abandoning module AndroidDeviceDetection (549)
[2022.09.30-00.30.59:159][911]LogModuleManager: Shutting down and abandoning module WindowsPlatformEditor (546)
[2022.09.30-00.30.59:159][911]LogModuleManager: Shutting down and abandoning module LuminRuntimeSettings (544)
[2022.09.30-00.30.59:159][911]LogModuleManager: Shutting down and abandoning module IOSRuntimeSettings (542)
[2022.09.30-00.30.59:159][911]LogModuleManager: Shutting down and abandoning module AndroidRuntimeSettings (540)
[2022.09.30-00.30.59:160][911]LogModuleManager: Shutting down and abandoning module TimeManagementEditor (538)
[2022.09.30-00.30.59:160][911]LogModuleManager: Shutting down and abandoning module InputBindingEditor (536)
[2022.09.30-00.30.59:160][911]LogModuleManager: Shutting down and abandoning module MergeActors (534)
[2022.09.30-00.30.59:163][911]LogModuleManager: Shutting down and abandoning module LocalizationDashboard (532)
[2022.09.30-00.30.59:164][911]LogModuleManager: Shutting down and abandoning module LocalizationService (531)
[2022.09.30-00.30.59:164][911]LogModuleManager: Shutting down and abandoning module HardwareTargeting (528)
[2022.09.30-00.30.59:164][911]LogModuleManager: Shutting down and abandoning module DeviceProfileEditor (526)
[2022.09.30-00.30.59:164][911]LogModuleManager: Shutting down and abandoning module UndoHistory (524)
[2022.09.30-00.30.59:164][911]LogModuleManager: Shutting down and abandoning module XmlParser (522)
[2022.09.30-00.30.59:164][911]LogModuleManager: Shutting down and abandoning module Blutility (520)
[2022.09.30-00.30.59:164][911]LogModuleManager: Shutting down and abandoning module ProjectSettingsViewer (518)
[2022.09.30-00.30.59:164][911]LogModuleManager: Shutting down and abandoning module ProjectTargetPlatformEditor (517)
[2022.09.30-00.30.59:164][911]LogModuleManager: Shutting down and abandoning module EditorSettingsViewer (514)
[2022.09.30-00.30.59:164][911]LogModuleManager: Shutting down and abandoning module SettingsEditor (512)
[2022.09.30-00.30.59:164][911]LogModuleManager: Shutting down and abandoning module ProjectLauncher (510)
[2022.09.30-00.30.59:165][911]LogModuleManager: Shutting down and abandoning module SessionFrontend (508)
[2022.09.30-00.30.59:165][911]LogModuleManager: Shutting down and abandoning module ProfilerClient (506)
[2022.09.30-00.30.59:165][911]LogModuleManager: Shutting down and abandoning module DeviceManager (504)
[2022.09.30-00.30.59:166][911]LogModuleManager: Shutting down and abandoning module TargetDeviceServices (503)
[2022.09.30-00.30.59:199][911]LogModuleManager: Shutting down and abandoning module AutomationController (500)
[2022.09.30-00.30.59:199][911]LogModuleManager: Shutting down and abandoning module AutomationWindow (498)
[2022.09.30-00.30.59:199][911]LogModuleManager: Shutting down and abandoning module Layers (496)
[2022.09.30-00.30.59:199][911]LogModuleManager: Shutting down and abandoning module ComponentVisualizers (494)
[2022.09.30-00.30.59:199][911]LogModuleManager: Shutting down and abandoning module DetailCustomizations (492)
[2022.09.30-00.30.59:200][911]LogModuleManager: Shutting down and abandoning module PackagesDialog (490)
[2022.09.30-00.30.59:200][911]LogModuleManager: Shutting down and abandoning module AnimationBlueprintEditor (488)
[2022.09.30-00.30.59:201][911]LogModuleManager: Shutting down and abandoning module Persona (486)
[2022.09.30-00.30.59:202][911]LogModuleManager: Shutting down and abandoning module AdvancedPreviewScene (485)
[2022.09.30-00.30.59:202][911]LogModuleManager: Shutting down and abandoning module AnimGraph (483)
[2022.09.30-00.30.59:202][911]LogModuleManager: Shutting down and abandoning module Kismet (480)
[2022.09.30-00.30.59:210][911]LogModuleManager: Shutting down and abandoning module KismetWidgets (479)
[2022.09.30-00.30.59:210][911]LogModuleManager: Shutting down and abandoning module GraphEditor (476)
[2022.09.30-00.30.59:210][911]LogModuleManager: Shutting down and abandoning module StructViewer (474)
[2022.09.30-00.30.59:210][911]LogModuleManager: Shutting down and abandoning module ClassViewer (472)
[2022.09.30-00.30.59:210][911]LogModuleManager: Shutting down and abandoning module Toolbox (470)
[2022.09.30-00.30.59:211][911]LogModuleManager: Shutting down and abandoning module ModuleUI (468)
[2022.09.30-00.30.59:211][911]LogModuleManager: Shutting down and abandoning module MovieSceneTools (466)
[2022.09.30-00.30.59:212][911]LogModuleManager: Shutting down and abandoning module OutputLog (464)
[2022.09.30-00.30.59:212][911]LogModuleManager: Shutting down and abandoning module GammaUI (462)
[2022.09.30-00.30.59:212][911]LogModuleManager: Shutting down and abandoning module Documentation (460)
[2022.09.30-00.30.59:212][911]LogModuleManager: Shutting down and abandoning module LiveCoding (458)
[2022.09.30-00.30.59:212][911]LogModuleManager: Shutting down and abandoning module LevelSequence (456)
[2022.09.30-00.30.59:212][911]LogModuleManager: Shutting down and abandoning module MovieSceneTracks (454)
[2022.09.30-00.30.59:212][911]LogModuleManager: Shutting down and abandoning module MovieScene (452)
[2022.09.30-00.30.59:212][911]LogModuleManager: Shutting down and abandoning module StreamingPauseRendering (450)
[2022.09.30-00.30.59:212][911]LogModuleManager: Shutting down and abandoning module LauncherPlatform (448)
[2022.09.30-00.30.59:212][911]LogModuleManager: Shutting down and abandoning module AnalyticsET (446)
[2022.09.30-00.30.59:212][911]LogModuleManager: Shutting down and abandoning module PortalServices (444)
[2022.09.30-00.30.59:212][911]LogModuleManager: Shutting down and abandoning module PortalRpc (442)
[2022.09.30-00.30.59:212][911]LogModuleManager: Shutting down and abandoning module MessagingRpc (440)
[2022.09.30-00.30.59:212][911]LogModuleManager: Shutting down and abandoning module AIModule (438)
[2022.09.30-00.30.59:212][911]LogModuleManager: Shutting down and abandoning module GameplayDebugger (437)
[2022.09.30-00.30.59:212][911]LogModuleManager: Shutting down and abandoning module AITestSuite (435)
[2022.09.30-00.30.59:212][911]LogModuleManager: Shutting down and abandoning module NavigationSystem (433)
[2022.09.30-00.30.59:213][911]LogModuleManager: Shutting down and abandoning module DesktopPlatform (430)
[2022.09.30-00.30.59:213][911]LogModuleManager: Shutting down and abandoning module ImageWriteQueue (428)
[2022.09.30-00.30.59:216][911]LogModuleManager: Shutting down and abandoning module ProfilerService (426)
[2022.09.30-00.30.59:446][911]LogModuleManager: Shutting down and abandoning module TaskGraph (424)
[2022.09.30-00.30.59:446][911]LogModuleManager: Shutting down and abandoning module ScreenshotTools (422)
[2022.09.30-00.30.59:446][911]LogModuleManager: Shutting down and abandoning module SteamVRController (420)
[2022.09.30-00.30.59:446][911]LogModuleManager: Shutting down and abandoning module ProceduralMeshComponentEditor (418)
[2022.09.30-00.30.59:446][911]LogModuleManager: Shutting down and abandoning module ProceduralMeshComponent (416)
[2022.09.30-00.30.59:446][911]LogModuleManager: Shutting down and abandoning module OculusEditor (414)
[2022.09.30-00.30.59:446][911]LogModuleManager: Shutting down and abandoning module OculusInput (412)
[2022.09.30-00.30.59:447][911]LogModuleManager: Shutting down and abandoning module MobilePatchingUtils (410)
[2022.09.30-00.30.59:447][911]LogModuleManager: Shutting down and abandoning module EditableMesh (408)
[2022.09.30-00.30.59:447][911]LogModuleManager: Shutting down and abandoning module CustomMeshComponent (406)
[2022.09.30-00.30.59:447][911]LogModuleManager: Shutting down and abandoning module CableComponent (404)
[2022.09.30-00.30.59:447][911]LogModuleManager: Shutting down and abandoning module AudioCapture (402)
[2022.09.30-00.30.59:447][911]LogModuleManager: Shutting down and abandoning module ArchVisCharacter (400)
[2022.09.30-00.30.59:447][911]LogModuleManager: Shutting down and abandoning module AppleImageUtilsBlueprintSupport (398)
[2022.09.30-00.30.59:447][911]LogModuleManager: Shutting down and abandoning module AppleImageUtils (396)
[2022.09.30-00.30.59:447][911]LogModuleManager: Shutting down and abandoning module AndroidPermission (394)
[2022.09.30-00.30.59:447][911]LogModuleManager: Shutting down and abandoning module NUTUnrealEngine4 (392)
[2022.09.30-00.30.59:448][911]LogModuleManager: Shutting down and abandoning module NetcodeUnitTest (390)
[2022.09.30-00.30.59:449][911]LogModuleManager: Shutting down and abandoning module MediaCompositing (388)
[2022.09.30-00.30.59:449][911]LogModuleManager: Shutting down and abandoning module ImgMedia (386)
[2022.09.30-00.30.59:449][911]LogModuleManager: Shutting down and abandoning module MagicLeapHelperVulkan (384)
[2022.09.30-00.30.59:449][911]LogModuleManager: Shutting down and abandoning module MagicLeapHelperOpenGL (382)
[2022.09.30-00.30.59:449][911]LogModuleManager: Shutting down and abandoning module MagicLeapAudio (380)
[2022.09.30-00.30.59:449][911]LogModuleManager: Shutting down and abandoning module HTML5Networking (378)
[2022.09.30-00.30.59:449][911]LogModuleManager: Shutting down and abandoning module GeometryCacheTracks (376)
[2022.09.30-00.30.59:449][911]LogModuleManager: Shutting down and abandoning module GeometryCacheSequencer (374)
[2022.09.30-00.30.59:449][911]LogModuleManager: Shutting down and abandoning module BackChannel (372)
[2022.09.30-00.30.59:449][911]LogModuleManager: Shutting down and abandoning module AutomationUtilsEditor (370)
[2022.09.30-00.30.59:449][911]LogModuleManager: Shutting down and abandoning module AutomationUtils (368)
[2022.09.30-00.30.59:449][911]LogModuleManager: Shutting down and abandoning module AlembicImporter (366)
[2022.09.30-00.30.59:449][911]LogModuleManager: Shutting down and abandoning module AlembicLibrary (365)
[2022.09.30-00.30.59:449][911]LogModuleManager: Shutting down and abandoning module GeometryCache (364)
[2022.09.30-00.30.59:449][911]LogModuleManager: Shutting down and abandoning module GeometryCacheEd (363)
[2022.09.30-00.30.59:449][911]LogModuleManager: Shutting down and abandoning module VariantManagerContent (358)
[2022.09.30-00.30.59:449][911]LogModuleManager: Shutting down and abandoning module DatasmithContentEditor (356)
[2022.09.30-00.30.59:449][911]LogModuleManager: Shutting down and abandoning module SpeedTreeImporter (354)
[2022.09.30-00.30.59:449][911]LogModuleManager: Shutting down and abandoning module PluginBrowser (352)
[2022.09.30-00.30.59:450][911]LogModuleManager: Shutting down and abandoning module MobileLauncherProfileWizard (350)
[2022.09.30-00.30.59:450][911]LogModuleManager: Shutting down and abandoning module MaterialAnalyzer (348)
[2022.09.30-00.30.59:450][911]LogModuleManager: Shutting down and abandoning module CurveEditorTools (346)
[2022.09.30-00.30.59:451][911]LogModuleManager: Shutting down and abandoning module CurveEditor (345)
[2022.09.30-00.30.59:451][911]LogModuleManager: Shutting down and abandoning module CryptoKeysOpenSSL (342)
[2022.09.30-00.30.59:451][911]LogModuleManager: Shutting down and abandoning module CryptoKeys (340)
[2022.09.30-00.30.59:451][911]LogModuleManager: Shutting down and abandoning module VisualStudioSourceCodeAccess (338)
[2022.09.30-00.30.59:451][911]LogModuleManager: Shutting down and abandoning module VisualStudioCodeSourceCodeAccess (336)
[2022.09.30-00.30.59:451][911]LogModuleManager: Shutting down and abandoning module UObjectPlugin (334)
[2022.09.30-00.30.59:452][911]LogModuleManager: Shutting down and abandoning module SubversionSourceControl (332)
[2022.09.30-00.30.59:452][911]LogModuleManager: Shutting down and abandoning module PerforceSourceControl (330)
[2022.09.30-00.30.59:453][911]LogModuleManager: Shutting down and abandoning module GitSourceControl (328)
[2022.09.30-00.30.59:453][911]LogModuleManager: Shutting down and abandoning module SourceControl (327)
[2022.09.30-00.30.59:453][911]LogModuleManager: Shutting down and abandoning module CLionSourceCodeAccess (324)
[2022.09.30-00.30.59:453][911]LogModuleManager: Shutting down and abandoning module AnimationSharingEd (322)
[2022.09.30-00.30.59:453][911]LogModuleManager: Shutting down and abandoning module ActorLayerUtilitiesEditor (320)
[2022.09.30-00.30.59:453][911]LogModuleManager: Shutting down and abandoning module ActorLayerUtilities (318)
[2022.09.30-00.30.59:453][911]LogModuleManager: Shutting down and abandoning module LightPropagationVolumeEditor (316)
[2022.09.30-00.30.59:453][911]LogModuleManager: Shutting down and abandoning module PaperTiledImporter (314)
[2022.09.30-00.30.59:454][911]LogModuleManager: Shutting down and abandoning module PaperSpriteSheetImporter (312)
[2022.09.30-00.30.59:454][911]LogModuleManager: Shutting down and abandoning module Paper2DEditor (310)
[2022.09.30-00.30.59:455][911]LogModuleManager: Shutting down and abandoning module SignificanceManager (308)
[2022.09.30-00.30.59:455][911]LogModuleManager: Shutting down and abandoning module RuntimePhysXCooking (306)
[2022.09.30-00.30.59:455][911]LogModuleManager: Shutting down and abandoning module PhysXVehiclesEditor (304)
[2022.09.30-00.30.59:455][911]LogModuleManager: Shutting down and abandoning module LocationServicesBPLibrary (300)
[2022.09.30-00.30.59:455][911]LogModuleManager: Shutting down and abandoning module ActorSequence (298)
[2022.09.30-00.30.59:455][911]LogModuleManager: Shutting down and abandoning module UdpMessaging (296)
[2022.09.30-00.30.59:556][911]LogModuleManager: Shutting down and abandoning module TcpMessaging (294)
[2022.09.30-00.30.59:657][911]LogModuleManager: Shutting down and abandoning module MagicLeapIdentity (292)
[2022.09.30-00.30.59:657][911]LogModuleManager: Shutting down and abandoning module MagicLeapSecureStorage (290)
[2022.09.30-00.30.59:657][911]LogModuleManager: Shutting down and abandoning module MagicLeapHandTracking (288)
[2022.09.30-00.30.59:657][911]LogModuleManager: Shutting down and abandoning module MagicLeapEyeTracker (286)
[2022.09.30-00.30.59:657][911]LogModuleManager: Shutting down and abandoning module MagicLeapController (284)
[2022.09.30-00.30.59:657][911]LogSlate: Slate User Destroyed.  User Index 0, Is Virtual User: 0
[2022.09.30-00.30.59:657][911]LogModuleManager: Shutting down and abandoning module MagicLeapAR (282)
[2022.09.30-00.30.59:657][911]LogModuleManager: Shutting down and abandoning module AugmentedReality (281)
[2022.09.30-00.30.59:657][911]LogModuleManager: Shutting down and abandoning module GameplayTagsEditor (278)
[2022.09.30-00.30.59:658][911]LogModuleManager: Shutting down and abandoning module FacialAnimationEditor (276)
[2022.09.30-00.30.59:658][911]LogModuleManager: Shutting down and abandoning module FacialAnimation (274)
[2022.09.30-00.30.59:658][911]LogModuleManager: Shutting down and abandoning module DataValidation (272)
[2022.09.30-00.30.59:658][911]LogModuleManager: Shutting down and abandoning module AssetManagerEditor (270)
[2022.09.30-00.30.59:658][911]LogModuleManager: Shutting down and abandoning module LevelEditor (269)
[2022.09.30-00.30.59:659][911]LogModuleManager: Shutting down and abandoning module PixelInspectorModule (268)
[2022.09.30-00.30.59:660][911]LogModuleManager: Shutting down and abandoning module CommonMenuExtensions (266)
[2022.09.30-00.30.59:660][911]LogModuleManager: Shutting down and abandoning module MainFrame (264)
[2022.09.30-00.30.59:660][911]LogModuleManager: Shutting down and abandoning module HotReload (263)
[2022.09.30-00.30.59:661][911]LogModuleManager: Shutting down and abandoning module ContentBrowser (259)
[2022.09.30-00.30.59:662][911]LogModuleManager: Shutting down and abandoning module TreeMap (257)
[2022.09.30-00.30.59:662][911]LogModuleManager: Shutting down and abandoning module AnimationSharing (254)
[2022.09.30-00.30.59:662][911]LogModuleManager: Shutting down and abandoning module LightPropagationVolumeRuntime (252)
[2022.09.30-00.30.59:662][911]LogModuleManager: Shutting down and abandoning module Paper2D (250)
[2022.09.30-00.30.59:662][911]LogModuleManager: Shutting down and abandoning module WindowsMoviePlayer (248)
[2022.09.30-00.30.59:664][911]LogModuleManager: Shutting down and abandoning module WebMMoviePlayer (246)
[2022.09.30-00.30.59:665][911]LogModuleManager: Shutting down and abandoning module NetworkReplayStreaming (244)
[2022.09.30-00.30.59:665][911]LogModuleManager: Shutting down and abandoning module PacketHandler (242)
[2022.09.30-00.30.59:665][911]LogModuleManager: Shutting down and abandoning module ClothingSystemEditor (240)
[2022.09.30-00.30.59:665][911]LogModuleManager: Shutting down and abandoning module ClothingSystemRuntime (238)
[2022.09.30-00.30.59:665][911]LogModuleManager: Shutting down and abandoning module MediaAssets (236)
[2022.09.30-00.30.59:665][911]LogModuleManager: Shutting down and abandoning module Overlay (234)
[2022.09.30-00.30.59:665][911]LogModuleManager: Shutting down and abandoning module OverlayEditor (233)
[2022.09.30-00.30.59:665][911]LogModuleManager: Shutting down and abandoning module VREditor (230)
[2022.09.30-00.30.59:666][911]LogModuleManager: Shutting down and abandoning module StringTableEditor (228)
[2022.09.30-00.30.59:666][911]LogModuleManager: Shutting down and abandoning module GameplayTasksEditor (226)
[2022.09.30-00.30.59:666][911]LogModuleManager: Shutting down and abandoning module BehaviorTreeEditor (224)
[2022.09.30-00.30.59:667][911]LogModuleManager: Shutting down and abandoning module FunctionalTesting (222)
[2022.09.30-00.30.59:667][911]LogModuleManager: Shutting down and abandoning module CollisionAnalyzer (220)
[2022.09.30-00.30.59:667][911]LogModuleManager: Shutting down and abandoning module WorkspaceMenuStructure (219)
[2022.09.30-00.30.59:667][911]LogModuleManager: Shutting down and abandoning module UMG (216)
[2022.09.30-00.30.59:667][911]LogModuleManager: Shutting down and abandoning module UMGEditor (215)
[2022.09.30-00.30.59:668][911]LogModuleManager: Shutting down and abandoning module Sequencer (214)
[2022.09.30-00.30.59:672][911]LogModuleManager: Shutting down and abandoning module MessageLog (211)
[2022.09.30-00.30.59:672][911]LogModuleManager: Shutting down and abandoning module SlateReflector (206)
[2022.09.30-00.30.59:674][911]LogModuleManager: Shutting down and abandoning module Slate (204)
[2022.09.30-00.30.59:674][911]LogModuleManager: Shutting down and abandoning module LandscapeEditorUtilities (202)
[2022.09.30-00.30.59:674][911]LogModuleManager: Shutting down and abandoning module EditorStyle (200)
[2022.09.30-00.30.59:675][911]LogModuleManager: Shutting down and abandoning module UnrealEd (198)
[2022.09.30-00.30.59:675][911]LogModuleManager: Shutting down and abandoning module MRMesh (196)
[2022.09.30-00.30.59:675][911]LogModuleManager: Shutting down and abandoning module SourceCodeAccess (194)
[2022.09.30-00.30.59:675][911]LogModuleManager: Shutting down and abandoning module HeadMountedDisplay (192)
[2022.09.30-00.30.59:675][911]LogModuleManager: Shutting down and abandoning module XAudio2 (190)
[2022.09.30-00.30.59:675][911]LogModuleManager: Shutting down and abandoning module Networking (188)
[2022.09.30-00.30.59:675][911]LogModuleManager: Shutting down and abandoning module Core (186)
[2022.09.30-00.30.59:675][911]LogModuleManager: Shutting down and abandoning module KismetCompiler (184)
[2022.09.30-00.30.59:675][911]LogModuleManager: Shutting down and abandoning module MeshUtilities (182)
[2022.09.30-00.30.59:675][911]LogModuleManager: Shutting down and abandoning module MeshMergeUtilities (181)
[2022.09.30-00.30.59:675][911]LogModuleManager: Shutting down and abandoning module MeshReductionInterface (180)
[2022.09.30-00.30.59:675][911]LogModuleManager: Shutting down and abandoning module SkeletalMeshReduction (179)
[2022.09.30-00.30.59:675][911]LogModuleManager: Shutting down and abandoning module ProxyLODMeshReduction (177)
[2022.09.30-00.30.59:676][911]LogModuleManager: Shutting down and abandoning module QuadricMeshReduction (175)
[2022.09.30-00.30.59:676][911]LogModuleManager: Shutting down and abandoning module MaterialBaking (171)
[2022.09.30-00.30.59:677][911]LogModuleManager: Shutting down and abandoning module NullInstallBundleManager (166)
[2022.09.30-00.30.59:677][911]LogModuleManager: Shutting down and abandoning module DerivedDataCache (164)
[2022.09.30-00.30.59:770][911]LogDerivedDataCache: Shutdown
[2022.09.30-00.30.59:771][911]LogModuleManager: Shutting down and abandoning module XGEController (162)
[2022.09.30-00.30.59:771][911]LogXGEController: Cleaning working directory: C:/Users/kimminwoong/AppData/Local/Temp/UnrealXGEWorkingDir/
[2022.09.30-00.30.59:771][911]LogModuleManager: Shutting down and abandoning module TargetPlatform (160)
[2022.09.30-00.30.59:771][911]LogModuleManager: Shutting down and abandoning module VulkanShaderFormat (159)
[2022.09.30-00.30.59:771][911]LogModuleManager: Shutting down and abandoning module ShaderFormatVectorVM (157)
[2022.09.30-00.30.59:771][911]LogModuleManager: Shutting down and abandoning module ShaderFormatOpenGL (155)
[2022.09.30-00.30.59:771][911]LogModuleManager: Shutting down and abandoning module ShaderFormatD3D (153)
[2022.09.30-00.30.59:771][911]LogModuleManager: Shutting down and abandoning module MetalShaderFormat (151)
[2022.09.30-00.30.59:771][911]LogModuleManager: Shutting down and abandoning module TextureFormatUncompressed (149)
[2022.09.30-00.30.59:771][911]LogModuleManager: Shutting down and abandoning module TextureFormatPVR (147)
[2022.09.30-00.30.59:771][911]LogModuleManager: Shutting down and abandoning module TextureFormatDXT (145)
[2022.09.30-00.30.59:771][911]LogModuleManager: Shutting down and abandoning module TextureFormatIntelISPCTexComp (143)
[2022.09.30-00.30.59:771][911]LogModuleManager: Shutting down and abandoning module TextureFormatASTC (141)
[2022.09.30-00.30.59:771][911]LogModuleManager: Shutting down and abandoning module ImageWrapper (140)
[2022.09.30-00.30.59:771][911]LogModuleManager: Shutting down and abandoning module TextureFormatAndroid (137)
[2022.09.30-00.30.59:771][911]LogModuleManager: Shutting down and abandoning module AudioFormatOpus (135)
[2022.09.30-00.30.59:771][911]LogModuleManager: Shutting down and abandoning module AudioFormatOgg (133)
[2022.09.30-00.30.59:771][911]LogModuleManager: Shutting down and abandoning module AudioFormatADPCM (131)
[2022.09.30-00.30.59:771][911]LogModuleManager: Shutting down and abandoning module LuminTargetPlatform (129)
[2022.09.30-00.30.59:772][911]LogModuleManager: Shutting down and abandoning module LinuxTargetPlatform (127)
[2022.09.30-00.30.59:772][911]LogModuleManager: Shutting down and abandoning module LinuxServerTargetPlatform (125)
[2022.09.30-00.30.59:772][911]LogModuleManager: Shutting down and abandoning module LinuxNoEditorTargetPlatform (123)
[2022.09.30-00.30.59:772][911]LogModuleManager: Shutting down and abandoning module LinuxClientTargetPlatform (121)
[2022.09.30-00.30.59:772][911]LogModuleManager: Shutting down and abandoning module TVOSTargetPlatform (119)
[2022.09.30-00.30.59:773][911]LogModuleManager: Shutting down and abandoning module Messaging (117)
[2022.09.30-00.30.59:773][911]LogModuleManager: Shutting down and abandoning module IOSTargetPlatform (115)
[2022.09.30-00.30.59:774][911]LogModuleManager: Shutting down and abandoning module HTML5TargetPlatform (113)
[2022.09.30-00.30.59:774][911]LogModuleManager: Shutting down and abandoning module AndroidTargetPlatform (111)
[2022.09.30-00.30.59:783][911]LogModuleManager: Shutting down and abandoning module WindowsTargetPlatform (109)
[2022.09.30-00.30.59:783][911]LogModuleManager: Shutting down and abandoning module WindowsServerTargetPlatform (107)
[2022.09.30-00.30.59:783][911]LogModuleManager: Shutting down and abandoning module WindowsNoEditorTargetPlatform (105)
[2022.09.30-00.30.59:783][911]LogModuleManager: Shutting down and abandoning module WindowsClientTargetPlatform (103)
[2022.09.30-00.30.59:783][911]LogModuleManager: Shutting down and abandoning module MacTargetPlatform (101)
[2022.09.30-00.30.59:783][911]LogModuleManager: Shutting down and abandoning module MacServerTargetPlatform (99)
[2022.09.30-00.30.59:783][911]LogModuleManager: Shutting down and abandoning module MacNoEditorTargetPlatform (97)
[2022.09.30-00.30.59:783][911]LogModuleManager: Shutting down and abandoning module MacClientTargetPlatform (95)
[2022.09.30-00.30.59:783][911]LogModuleManager: Shutting down and abandoning module AllDesktopTargetPlatform (93)
[2022.09.30-00.30.59:783][911]LogModuleManager: Shutting down and abandoning module InputCore (90)
[2022.09.30-00.30.59:783][911]LogModuleManager: Shutting down and abandoning module Settings (88)
[2022.09.30-00.30.59:783][911]LogModuleManager: Shutting down and abandoning module DirectoryWatcher (86)
[2022.09.30-00.30.59:784][911]LogModuleManager: Shutting down and abandoning module PhysXCooking (84)
[2022.09.30-00.30.59:784][911]LogModuleManager: Shutting down and abandoning module WindowsPlatformFeatures (82)
[2022.09.30-00.30.59:784][911]LogModuleManager: Shutting down and abandoning module GameplayMediaEncoder (81)
[2022.09.30-00.30.59:784][911]LogModuleManager: Shutting down and abandoning module SteamVR (78)
[2022.09.30-00.30.59:784][911]LogHMD: Freeing OpenVRDLLHandle.
[2022.09.30-00.30.59:784][911]LogModuleManager: Shutting down and abandoning module OculusHMD (76)
[2022.09.30-00.30.59:784][911]LogModuleManager: Shutting down and abandoning module ExampleDeviceProfileSelector (74)
[2022.09.30-00.30.59:784][911]LogModuleManager: Shutting down and abandoning module LauncherChunkInstaller (72)
[2022.09.30-00.30.59:784][911]LogModuleManager: Shutting down and abandoning module OnlineBlueprintSupport (70)
[2022.09.30-00.30.59:784][911]LogModuleManager: Shutting down and abandoning module OnlineSubsystem (66)
[2022.09.30-00.30.59:785][911]LogModuleManager: Shutting down and abandoning module XMPP (61)
[2022.09.30-00.30.59:787][911]LogModuleManager: Shutting down and abandoning module WebSockets (60)
[2022.09.30-00.30.59:812][911]LogModuleManager: Shutting down and abandoning module HTTP (57)
[2022.09.30-00.30.59:812][911]LogHttp: Display: Http module shutting down, but needs to wait on 1 outstanding Http requests:
[2022.09.30-00.30.59:812][911]LogHttp: Display: 	verb=[POST] url=[https://datarouter.ol.epicgames.com/datarouter/api/v1/public/data?SessionID=%7B8DD76A53-497C-5157-A019-79A7C0D8B6FD%7D&AppID=UEEditor.Rocket.Release&AppVersion=4.23.1-9631420%2B%2B%2BUE4%2BRelease-4.23&UserID=d3574cf244cc528680ea9baf8cc75a24%7Ce14f188ddc854a33b6cb1272929a2fe2%7C823acc21-f26c-4d66-9432-bee44d06cb19&AppEnvironment=datacollector-binary&UploadType=eteventstream] status=Processing
[2022.09.30-00.30.59:822][911]LogModuleManager: Shutting down and abandoning module SSL (56)
[2022.09.30-00.30.59:824][911]LogModuleManager: Shutting down and abandoning module WmfMedia (52)
[2022.09.30-00.30.59:825][911]LogModuleManager: Shutting down and abandoning module Media (51)
[2022.09.30-00.30.59:826][911]LogModuleManager: Shutting down and abandoning module MagicLeap (48)
[2022.09.30-00.30.59:826][911]LogModuleManager: Shutting down and abandoning module DatasmithContent (46)
[2022.09.30-00.30.59:826][911]LogModuleManager: Shutting down and abandoning module AISupportModule (44)
[2022.09.30-00.30.59:826][911]LogModuleManager: Shutting down and abandoning module PlatformCryptoOpenSSL (42)
[2022.09.30-00.30.59:827][911]LogModuleManager: Shutting down and abandoning module PlatformCrypto (40)
[2022.09.30-00.30.59:827][911]LogModuleManager: Shutting down and abandoning module AnimationModifiers (38)
[2022.09.30-00.30.59:827][911]LogModuleManager: Shutting down and abandoning module PropertyEditor (37)
[2022.09.30-00.30.59:827][911]LogModuleManager: Shutting down and abandoning module AudioEditor (34)
[2022.09.30-00.30.59:827][911]LogModuleManager: Shutting down and abandoning module TextureCompressor (32)
[2022.09.30-00.30.59:828][911]LogModuleManager: Shutting down and abandoning module RenderCore (30)
[2022.09.30-00.30.59:828][911]LogModuleManager: Shutting down and abandoning module Landscape (28)
[2022.09.30-00.30.59:828][911]LogModuleManager: Shutting down and abandoning module SlateRHIRenderer (26)
[2022.09.30-00.30.59:830][911]LogModuleManager: Shutting down and abandoning module OpenGLDrv (24)
[2022.09.30-00.30.59:831][911]LogModuleManager: Shutting down and abandoning module D3D11RHI (22)
[2022.09.30-00.30.59:831][911]LogModuleManager: Shutting down and abandoning module AnimGraphRuntime (20)
[2022.09.30-00.30.59:831][911]LogModuleManager: Shutting down and abandoning module Renderer (18)
[2022.09.30-00.30.59:831][911]LogModuleManager: Shutting down and abandoning module Engine (16)
[2022.09.30-00.30.59:831][911]LogModuleManager: Shutting down and abandoning module CoreUObject (14)
[2022.09.30-00.30.59:831][911]LogModuleManager: Shutting down and abandoning module NetworkFile (12)
[2022.09.30-00.30.59:831][911]LogModuleManager: Shutting down and abandoning module CookedIterativeFile (10)
[2022.09.30-00.30.59:831][911]LogModuleManager: Shutting down and abandoning module StreamingFile (8)
[2022.09.30-00.30.59:831][911]LogModuleManager: Shutting down and abandoning module SandboxFile (6)
[2022.09.30-00.30.59:831][911]LogModuleManager: Shutting down and abandoning module PakFile (4)
[2022.09.30-00.30.59:832][911]LogModuleManager: Shutting down and abandoning module RSA (3)
[2022.09.30-00.30.59:833][911]LogD3D11RHI: Shutdown
[2022.09.30-00.30.59:833][911]LogD3D11RHI: CleanupD3DDevice
[2022.09.30-00.30.59:835][911]LogRendererCore: FGlobalDynamicReadBuffer::Cleanup()
[2022.09.30-00.30.59:835][911]LogRendererCore: FGlobalDynamicReadBuffer::Cleanup()
[2022.09.30-00.30.59:835][911]LogRendererCore: FGlobalDynamicReadBuffer::Cleanup()
[2022.09.30-00.30.59:898][911]LogD3D11RHI: ~FD3D11DynamicRHI
[2022.09.30-00.30.59:907][911]LogExit: Exiting.
[2022.09.30-00.30.59:912][911]Log file closed, 09/30/22 09:30:59
