Log file open, 06/24/23 11:57:32
LogWindows: Failed to load 'aqProf.dll' (GetLastError=126)
LogWindows: File 'aqProf.dll' does not exist
LogWindows: Failed to load 'VtuneApi.dll' (GetLastError=126)
LogWindows: File 'VtuneApi.dll' does not exist
LogWindows: Failed to load 'VtuneApi32e.dll' (GetLastError=126)
LogWindows: File 'VtuneApi32e.dll' does not exist
LogConsoleResponse: Display: Failed to find resolution value strings in scalability ini. Falling back to default.
LogInit: Display: Running engine for game: TTSGame
LogPlatformFile: Not using cached read wrapper
LogTaskGraph: Started task graph with 5 named threads and 23 total threads with 3 sets of task threads.
LogStats: Stats thread started at 0.286900
LogD3D11RHI: Loaded GFSDK_Aftermath_Lib.x64.dll
LogICUInternationalization: ICU TimeZone Detection - Raw Offset: +9:00, Platform Override: ''
LogPluginManager: Mounting plugin Paper2D
LogPluginManager: Mounting plugin AISupport
LogPluginManager: Mounting plugin LightPropagationVolume
LogPluginManager: Mounting plugin ActorLayerUtilities
LogPluginManager: Mounting plugin AnimationSharing
LogPluginManager: Mounting plugin CLionSourceCodeAccess
LogPluginManager: Mounting plugin CodeLiteSourceCodeAccess
LogPluginManager: Mounting plugin GitSourceControl
LogPluginManager: Mounting plugin KDevelopSourceCodeAccess
LogPluginManager: Mounting plugin NullSourceCodeAccess
LogPluginManager: Mounting plugin PerforceSourceControl
LogPluginManager: Mounting plugin SubversionSourceControl
LogPluginManager: Mounting plugin UObjectPlugin
LogPluginManager: Mounting plugin VisualStudioCodeSourceCodeAccess
LogPluginManager: Mounting plugin VisualStudioSourceCodeAccess
LogPluginManager: Mounting plugin XCodeSourceCodeAccess
LogPluginManager: Mounting plugin AssetManagerEditor
LogPluginManager: Mounting plugin CryptoKeys
LogPluginManager: Mounting plugin CurveEditorTools
LogPluginManager: Mounting plugin DataValidation
LogPluginManager: Mounting plugin FacialAnimation
LogPluginManager: Mounting plugin GameplayTagsEditor
LogPluginManager: Mounting plugin MacGraphicsSwitching
LogPluginManager: Mounting plugin MaterialAnalyzer
LogPluginManager: Mounting plugin MobileLauncherProfileWizard
LogPluginManager: Mounting plugin PluginBrowser
LogPluginManager: Mounting plugin SpeedTreeImporter
LogPluginManager: Mounting plugin DatasmithContent
LogPluginManager: Mounting plugin VariantManagerContent
LogPluginManager: Mounting plugin AlembicImporter
LogPluginManager: Mounting plugin AutomationUtils
LogPluginManager: Mounting plugin BackChannel
LogPluginManager: Mounting plugin CharacterAI
LogPluginManager: Mounting plugin GeometryCache
LogPluginManager: Mounting plugin HTML5Networking
LogPluginManager: Mounting plugin PlatformCrypto
LogPluginManager: Mounting plugin ProxyLODPlugin
LogPluginManager: Mounting plugin SkeletalReduction
LogPluginManager: Mounting plugin MagicLeap
LogPluginManager: Mounting plugin MagicLeapMedia
LogPluginManager: Mounting plugin AndroidMedia
LogPluginManager: Mounting plugin AvfMedia
LogPluginManager: Mounting plugin ImgMedia
LogPluginManager: Mounting plugin MediaCompositing
LogPluginManager: Mounting plugin MediaPlayerEditor
LogPluginManager: Mounting plugin WebMMedia
LogPluginManager: Mounting plugin WmfMedia
LogPluginManager: Mounting plugin TcpMessaging
LogPluginManager: Mounting plugin UdpMessaging
LogPluginManager: Mounting plugin ActorSequence
LogPluginManager: Mounting plugin LevelSequenceEditor
LogPluginManager: Mounting plugin MatineeToLevelSequence
LogPluginManager: Mounting plugin NetcodeUnitTest
LogPluginManager: Mounting plugin NUTUnrealEngine4
LogPluginManager: Mounting plugin OnlineSubsystemGooglePlay
LogPluginManager: Mounting plugin OnlineSubsystemIOS
LogPluginManager: Mounting plugin OnlineSubsystem
LogPluginManager: Mounting plugin OnlineSubsystemNull
LogPluginManager: Mounting plugin OnlineSubsystemUtils
LogPluginManager: Mounting plugin LauncherChunkInstaller
LogPluginManager: Mounting plugin AndroidDeviceProfileSelector
LogPluginManager: Mounting plugin AndroidMoviePlayer
LogPluginManager: Mounting plugin AndroidPermission
LogPluginManager: Mounting plugin AppleImageUtils
LogPluginManager: Mounting plugin AppleMoviePlayer
LogPluginManager: Mounting plugin ArchVisCharacter
LogPluginManager: Mounting plugin AudioCapture
LogPluginManager: Mounting plugin CableComponent
LogPluginManager: Mounting plugin CustomMeshComponent
LogPluginManager: Mounting plugin EditableMesh
LogPluginManager: Mounting plugin ExampleDeviceProfileSelector
LogPluginManager: Mounting plugin GoogleCloudMessaging
LogPluginManager: Mounting plugin IOSDeviceProfileSelector
LogPluginManager: Mounting plugin LinuxDeviceProfileSelector
LogPluginManager: Mounting plugin LocationServicesBPLibrary
LogPluginManager: Mounting plugin MobilePatchingUtils
LogPluginManager: Mounting plugin OculusVR
LogPluginManager: Mounting plugin PhysXVehicles
LogPluginManager: Mounting plugin ProceduralMeshComponent
LogPluginManager: Mounting plugin RuntimePhysXCooking
LogPluginManager: Mounting plugin SignificanceManager
LogPluginManager: Mounting plugin SteamVR
LogPluginManager: Mounting plugin WebMMoviePlayer
LogPluginManager: Mounting plugin WindowsMoviePlayer
LogPluginManager: Mounting plugin ScreenshotTools
LogInit: Using libcurl 7.55.1-DEV
LogInit:  - built for x86_64-pc-win32
LogInit:  - supports SSL with OpenSSL/1.1.1
LogInit:  - supports HTTP deflate (compression) using libz 1.2.8
LogInit:  - other features:
LogInit:      CURL_VERSION_SSL
LogInit:      CURL_VERSION_LIBZ
LogInit:      CURL_VERSION_IPV6
LogInit:      CURL_VERSION_ASYNCHDNS
LogInit:      CURL_VERSION_LARGEFILE
LogInit:      CURL_VERSION_IDN
LogInit:  CurlRequestOptions (configurable via config and command line):
LogInit:  - bVerifyPeer = true  - Libcurl will verify peer certificate
LogInit:  - bUseHttpProxy = false  - Libcurl will NOT use HTTP proxy
LogInit:  - bDontReuseConnections = false  - Libcurl will reuse connections
LogInit:  - MaxHostConnections = 16  - Libcurl will limit the number of connections to a host
LogInit:  - LocalHostAddr = Default
LogInit:  - BufferSize = 65536
LogOnline: OSS: Creating online subsystem instance for: NULL
LogInit: WinSock: version 1.1 (2.2), MaxSocks=32767, MaxUdp=65467
LogInit: Build: ++UE4+Release-4.23-CL-9631420
LogInit: Engine Version: 4.23.1-9631420+++UE4+Release-4.23
LogInit: Compatible Engine Version: 4.23.0-8386587+++UE4+Release-4.23
LogInit: Net CL: 8386587
LogInit: OS: Windows 10 (Release 2009) (), CPU: Intel(R) Core(TM) i7-6700 CPU @ 3.40GHz, GPU: NVIDIA GeForce GTX 970
LogInit: Compiled (64-bit): Oct 18 2019 02:07:44
LogInit: Compiled with Visual C++: 19.16.27030.01
LogInit: Build Configuration: Development
LogInit: Branch Name: ++UE4+Release-4.23
LogInit: Command Line: 
LogInit: Base Directory: D:/UE_4.23/Engine/Binaries/Win64/
LogInit: Installed Engine Build: 1
LogDevObjectVersion: Number of dev versions registered: 23
LogDevObjectVersion:   Dev-Blueprints (B0D832E4-1F89-4F0D-ACCF-7EB736FD4AA2): 10
LogDevObjectVersion:   Dev-Build (E1C64328-A22C-4D53-A36C-8E866417BD8C): 0
LogDevObjectVersion:   Dev-Core (375EC13C-06E4-48FB-B500-84F0262A717E): 3
LogDevObjectVersion:   Dev-Editor (E4B068ED-F494-42E9-A231-DA0B2E46BB41): 34
LogDevObjectVersion:   Dev-Framework (CFFC743F-43B0-4480-9391-14DF171D2073): 35
LogDevObjectVersion:   Dev-Mobile (B02B49B5-BB20-44E9-A304-32B752E40360): 2
LogDevObjectVersion:   Dev-Networking (A4E4105C-59A1-49B5-A7C5-40C4547EDFEE): 0
LogDevObjectVersion:   Dev-Online (39C831C9-5AE6-47DC-9A44-9C173E1C8E7C): 0
LogDevObjectVersion:   Dev-Physics (78F01B33-EBEA-4F98-B9B4-84EACCB95AA2): 0
LogDevObjectVersion:   Dev-Platform (6631380F-2D4D-43E0-8009-CF276956A95A): 0
LogDevObjectVersion:   Dev-Rendering (12F88B9F-8875-4AFC-A67C-D90C383ABD29): 31
LogDevObjectVersion:   Dev-Sequencer (7B5AE74C-D270-4C10-A958-57980B212A5A): 11
LogDevObjectVersion:   Dev-VR (D7296918-1DD6-4BDD-9DE2-64A83CC13884): 2
LogDevObjectVersion:   Dev-LoadTimes (C2A15278-BFE7-4AFE-6C17-90FF531DF755): 1
LogDevObjectVersion:   Private-Geometry (6EACA3D4-40EC-4CC1-B786-8BED09428FC5): 3
LogDevObjectVersion:   Dev-AnimPhys (29E575DD-E0A3-4627-9D10-D276232CDCEA): 17
LogDevObjectVersion:   Dev-Anim (AF43A65D-7FD3-4947-9873-3E8ED9C1BB05): 2
LogDevObjectVersion:   Dev-ReflectionCapture (6B266CEC-1EC7-4B8F-A30B-E4D90942FC07): 1
LogDevObjectVersion:   Dev-Automation (0DF73D61-A23F-47EA-B727-89E90C41499A): 1
LogDevObjectVersion:   FortniteMain (601D1886-AC64-4F84-AA16-D3DE0DEAC7D6): 27
LogDevObjectVersion:   Dev-Enterprise (9DFFBCD6-494F-0158-E221-12823C92A888): 6
LogDevObjectVersion:   Dev-Niagara (F2AED0AC-9AFE-416F-8664-AA7FFA26D6FC): 1
LogDevObjectVersion:   Dev-Destruction (174F1F0B-B4C6-45A5-B13F-2EE8D0FB917D): 9
LogInit: Presizing for max 16777216 objects, including 0 objects not considered by GC, pre-allocating 0 bytes for permanent pool.
LogInit: Object subsystem initialized
LogConfig: Setting CVar [[con.DebugEarlyDefault:1]]
LogConfig: Setting CVar [[r.setres:1280x720]]
[2023.06.24-02.57.34:593][  0]LogConfig: Setting CVar [[r.VSync:0]]
[2023.06.24-02.57.34:593][  0]LogConfig: Setting CVar [[r.RHICmdBypass:0]]
[2023.06.24-02.57.34:593][  0]LogConfig: Applying CVar settings from Section [/Script/Engine.RendererSettings] File [D:/UnrealProject/TTSGame/Saved/Config/Windows/Engine.ini]
[2023.06.24-02.57.34:594][  0]LogConfig: Setting CVar [[r.GPUCrashDebugging:0]]
[2023.06.24-02.57.34:594][  0]LogConfig: Setting CVar [[r.MobileHDR:1]]
[2023.06.24-02.57.34:594][  0]LogConfig: Setting CVar [[r.Mobile.DisableVertexFog:1]]
[2023.06.24-02.57.34:594][  0]LogConfig: Setting CVar [[r.Shadow.CSM.MaxMobileCascades:2]]
[2023.06.24-02.57.34:594][  0]LogConfig: Setting CVar [[r.MobileMSAA:1]]
[2023.06.24-02.57.34:594][  0]LogConfig: Setting CVar [[r.Mobile.UseLegacyShadingModel:0]]
[2023.06.24-02.57.34:594][  0]LogConfig: Setting CVar [[r.Mobile.UseHWsRGBEncoding:0]]
[2023.06.24-02.57.34:594][  0]LogConfig: Setting CVar [[r.Mobile.AllowDitheredLODTransition:0]]
[2023.06.24-02.57.34:594][  0]LogConfig: Setting CVar [[r.Mobile.AllowSoftwareOcclusion:0]]
[2023.06.24-02.57.34:594][  0]LogConfig: Setting CVar [[r.DiscardUnusedQuality:0]]
[2023.06.24-02.57.34:594][  0]LogConfig: Setting CVar [[r.AllowOcclusionQueries:1]]
[2023.06.24-02.57.34:594][  0]LogConfig: Setting CVar [[r.MinScreenRadiusForLights:0.030000]]
[2023.06.24-02.57.34:594][  0]LogConfig: Setting CVar [[r.MinScreenRadiusForDepthPrepass:0.030000]]
[2023.06.24-02.57.34:594][  0]LogConfig: Setting CVar [[r.MinScreenRadiusForCSMDepth:0.010000]]
[2023.06.24-02.57.34:594][  0]LogConfig: Setting CVar [[r.PrecomputedVisibilityWarning:0]]
[2023.06.24-02.57.34:594][  0]LogConfig: Setting CVar [[r.TextureStreaming:1]]
[2023.06.24-02.57.34:594][  0]LogConfig: Setting CVar [[Compat.UseDXT5NormalMaps:0]]
[2023.06.24-02.57.34:594][  0]LogConfig: Setting CVar [[r.VirtualTextures:0]]
[2023.06.24-02.57.34:594][  0]LogConfig: Setting CVar [[r.VirtualTexturedLightmaps:0]]
[2023.06.24-02.57.34:594][  0]LogConfig: Setting CVar [[r.VT.TileSize:128]]
[2023.06.24-02.57.34:594][  0]LogConfig: Setting CVar [[r.VT.TileBorderSize:4]]
[2023.06.24-02.57.34:594][  0]LogConfig: Setting CVar [[r.vt.FeedbackFactor:16]]
[2023.06.24-02.57.34:594][  0]LogConfig: Setting CVar [[r.VT.EnableCompressZlib:1]]
[2023.06.24-02.57.34:594][  0]LogConfig: Setting CVar [[r.VT.EnableCompressCrunch:0]]
[2023.06.24-02.57.34:594][  0]LogConfig: Setting CVar [[r.ClearCoatNormal:0]]
[2023.06.24-02.57.34:594][  0]LogConfig: Setting CVar [[r.ReflectionCaptureResolution:128]]
[2023.06.24-02.57.34:594][  0]LogConfig: Setting CVar [[r.ReflectionEnvironmentLightmapMixBasedOnRoughness:1]]
[2023.06.24-02.57.34:594][  0]LogConfig: Setting CVar [[r.ForwardShading:0]]
[2023.06.24-02.57.34:594][  0]LogConfig: Setting CVar [[r.VertexFoggingForOpaque:1]]
[2023.06.24-02.57.34:594][  0]LogConfig: Setting CVar [[r.AllowStaticLighting:1]]
[2023.06.24-02.57.34:594][  0]LogConfig: Setting CVar [[r.NormalMapsForStaticLighting:0]]
[2023.06.24-02.57.34:594][  0]LogConfig: Setting CVar [[r.GenerateMeshDistanceFields:0]]
[2023.06.24-02.57.34:594][  0]LogConfig: Setting CVar [[r.DistanceFieldBuild.EightBit:0]]
[2023.06.24-02.57.34:594][  0]LogConfig: Setting CVar [[r.GenerateLandscapeGIData:0]]
[2023.06.24-02.57.34:594][  0]LogConfig: Setting CVar [[r.DistanceFieldBuild.Compress:0]]
[2023.06.24-02.57.34:594][  0]LogConfig: Setting CVar [[r.TessellationAdaptivePixelsPerTriangle:48.000000]]
[2023.06.24-02.57.34:594][  0]LogConfig: Setting CVar [[r.SeparateTranslucency:1]]
[2023.06.24-02.57.34:594][  0]LogConfig: Setting CVar [[r.TranslucentSortPolicy:0]]
[2023.06.24-02.57.34:594][  0]LogConfig: Setting CVar [[r.CustomDepth:1]]
[2023.06.24-02.57.34:594][  0]LogConfig: Setting CVar [[r.CustomDepthTemporalAAJitter:1]]
[2023.06.24-02.57.34:594][  0]LogConfig: Setting CVar [[r.PostProcessing.PropagateAlpha:0]]
[2023.06.24-02.57.34:594][  0]LogConfig: Setting CVar [[r.DefaultFeature.Bloom:1]]
[2023.06.24-02.57.34:594][  0]LogConfig: Setting CVar [[r.DefaultFeature.AmbientOcclusion:1]]
[2023.06.24-02.57.34:594][  0]LogConfig: Setting CVar [[r.DefaultFeature.AmbientOcclusionStaticFraction:1]]
[2023.06.24-02.57.34:594][  0]LogConfig: Setting CVar [[r.DefaultFeature.AutoExposure:0]]
[2023.06.24-02.57.34:594][  0]LogConfig: Setting CVar [[r.DefaultFeature.AutoExposure.Method:0]]
[2023.06.24-02.57.34:594][  0]LogConfig: Setting CVar [[r.DefaultFeature.AutoExposure.ExtendDefaultLuminanceRange:1]]
[2023.06.24-02.57.34:594][  0]LogConfig: Setting CVar [[r.UsePreExposure:1]]
[2023.06.24-02.57.34:594][  0]LogConfig: Setting CVar [[r.EyeAdaptation.EditorOnly:1]]
[2023.06.24-02.57.34:594][  0]LogConfig: Setting CVar [[r.DefaultFeature.MotionBlur:0]]
[2023.06.24-02.57.34:594][  0]LogConfig: Setting CVar [[r.DefaultFeature.LensFlare:0]]
[2023.06.24-02.57.34:594][  0]LogConfig: Setting CVar [[r.TemporalAA.Upsampling:0]]
[2023.06.24-02.57.34:594][  0]LogConfig: Setting CVar [[r.DefaultFeature.AntiAliasing:0]]
[2023.06.24-02.57.34:594][  0]LogConfig: Setting CVar [[r.DefaultFeature.LightUnits:1]]
[2023.06.24-02.57.34:594][  0]LogConfig: Setting CVar [[r.DefaultBackBufferPixelFormat:4]]
[2023.06.24-02.57.34:594][  0]LogConfig: Setting CVar [[r.Shadow.UnbuiltPreviewInGame:1]]
[2023.06.24-02.57.34:594][  0]LogConfig: Setting CVar [[r.StencilForLODDither:0]]
[2023.06.24-02.57.34:594][  0]LogConfig: Setting CVar [[r.EarlyZPass:3]]
[2023.06.24-02.57.34:594][  0]LogConfig: Setting CVar [[r.EarlyZPassOnlyMaterialMasking:0]]
[2023.06.24-02.57.34:594][  0]LogConfig: Setting CVar [[r.DBuffer:1]]
[2023.06.24-02.57.34:594][  0]LogConfig: Setting CVar [[r.ClearSceneMethod:1]]
[2023.06.24-02.57.34:594][  0]LogConfig: Setting CVar [[r.BasePassOutputsVelocity:0]]
[2023.06.24-02.57.34:594][  0]LogConfig: Setting CVar [[r.SelectiveBasePassOutputs:0]]
[2023.06.24-02.57.34:594][  0]LogConfig: Setting CVar [[fx.GPUSimulationTextureSizeX:1024]]
[2023.06.24-02.57.34:594][  0]LogConfig: Setting CVar [[fx.GPUSimulationTextureSizeY:1024]]
[2023.06.24-02.57.34:594][  0]LogConfig: Setting CVar [[r.AllowGlobalClipPlane:0]]
[2023.06.24-02.57.34:594][  0]LogConfig: Setting CVar [[r.GBufferFormat:1]]
[2023.06.24-02.57.34:594][  0]LogConfig: Setting CVar [[r.MorphTarget.Mode:1]]
[2023.06.24-02.57.34:594][  0]LogConfig: Setting CVar [[vr.InstancedStereo:0]]
[2023.06.24-02.57.34:594][  0]LogConfig: Setting CVar [[vr.MultiView:0]]
[2023.06.24-02.57.34:594][  0]LogConfig: Setting CVar [[vr.MobileMultiView:0]]
[2023.06.24-02.57.34:594][  0]LogConfig: Setting CVar [[vr.MobileMultiView.Direct:0]]
[2023.06.24-02.57.34:594][  0]LogConfig: Setting CVar [[vr.RoundRobinOcclusion:0]]
[2023.06.24-02.57.34:594][  0]LogConfig: Setting CVar [[vr.ODSCapture:0]]
[2023.06.24-02.57.34:595][  0]LogConfig: Setting CVar [[r.WireframeCullThreshold:5.000000]]
[2023.06.24-02.57.34:595][  0]LogConfig: Setting CVar [[r.RayTracing:0]]
[2023.06.24-02.57.34:595][  0]LogConfig: Setting CVar [[r.SupportStationarySkylight:1]]
[2023.06.24-02.57.34:595][  0]LogConfig: Setting CVar [[r.SupportLowQualityLightmaps:1]]
[2023.06.24-02.57.34:595][  0]LogConfig: Setting CVar [[r.SupportPointLightWholeSceneShadows:1]]
[2023.06.24-02.57.34:595][  0]LogConfig: Setting CVar [[r.SupportAtmosphericFog:1]]
[2023.06.24-02.57.34:595][  0]LogConfig: Setting CVar [[r.SkinCache.CompileShaders:0]]
[2023.06.24-02.57.34:595][  0]LogConfig: Setting CVar [[r.Mobile.EnableStaticAndCSMShadowReceivers:1]]
[2023.06.24-02.57.34:595][  0]LogConfig: Setting CVar [[r.Mobile.EnableMovableLightCSMShaderCulling:1]]
[2023.06.24-02.57.34:595][  0]LogConfig: Setting CVar [[r.Mobile.AllowDistanceFieldShadows:1]]
[2023.06.24-02.57.34:595][  0]LogConfig: Setting CVar [[r.Mobile.AllowMovableDirectionalLights:1]]
[2023.06.24-02.57.34:595][  0]LogConfig: Setting CVar [[r.MobileNumDynamicPointLights:4]]
[2023.06.24-02.57.34:595][  0]LogConfig: Setting CVar [[r.MobileDynamicPointLightsUseStaticBranch:1]]
[2023.06.24-02.57.34:595][  0]LogConfig: Setting CVar [[r.Mobile.EnableMovableSpotlights:0]]
[2023.06.24-02.57.34:595][  0]LogConfig: Setting CVar [[r.SkinCache.SceneMemoryLimitInMB:128.000000]]
[2023.06.24-02.57.34:595][  0]LogConfig: Setting CVar [[r.GPUSkin.Limit2BoneInfluences:0]]
[2023.06.24-02.57.34:595][  0]LogConfig: Setting CVar [[r.SupportDepthOnlyIndexBuffers:1]]
[2023.06.24-02.57.34:595][  0]LogConfig: Setting CVar [[r.SupportReversedIndexBuffers:1]]
[2023.06.24-02.57.34:595][  0]LogConfig: Setting CVar [[r.SupportMaterialLayers:0]]
[2023.06.24-02.57.34:595][  0]LogConfig: Applying CVar settings from Section [/Script/Engine.RendererOverrideSettings] File [D:/UnrealProject/TTSGame/Saved/Config/Windows/Engine.ini]
[2023.06.24-02.57.34:595][  0]LogConfig: Applying CVar settings from Section [/Script/Engine.StreamingSettings] File [D:/UnrealProject/TTSGame/Saved/Config/Windows/Engine.ini]
[2023.06.24-02.57.34:595][  0]LogConfig: Setting CVar [[s.MinBulkDataSizeForAsyncLoading:131072]]
[2023.06.24-02.57.34:595][  0]LogConfig: Setting CVar [[s.AsyncLoadingThreadEnabled:0]]
[2023.06.24-02.57.34:595][  0]LogConfig: Setting CVar [[s.EventDrivenLoaderEnabled:1]]
[2023.06.24-02.57.34:595][  0]LogConfig: Setting CVar [[s.WarnIfTimeLimitExceeded:0]]
[2023.06.24-02.57.34:595][  0]LogConfig: Setting CVar [[s.TimeLimitExceededMultiplier:1.5]]
[2023.06.24-02.57.34:595][  0]LogConfig: Setting CVar [[s.TimeLimitExceededMinTime:0.005]]
[2023.06.24-02.57.34:595][  0]LogConfig: Setting CVar [[s.UseBackgroundLevelStreaming:1]]
[2023.06.24-02.57.34:595][  0]LogConfig: Setting CVar [[s.PriorityAsyncLoadingExtraTime:15.0]]
[2023.06.24-02.57.34:595][  0]LogConfig: Setting CVar [[s.LevelStreamingActorsUpdateTimeLimit:5.0]]
[2023.06.24-02.57.34:595][  0]LogConfig: Setting CVar [[s.PriorityLevelStreamingActorsUpdateExtraTime:5.0]]
[2023.06.24-02.57.34:595][  0]LogConfig: Setting CVar [[s.LevelStreamingComponentsRegistrationGranularity:10]]
[2023.06.24-02.57.34:595][  0]LogConfig: Setting CVar [[s.UnregisterComponentsTimeLimit:1.0]]
[2023.06.24-02.57.34:595][  0]LogConfig: Setting CVar [[s.LevelStreamingComponentsUnregistrationGranularity:5]]
[2023.06.24-02.57.34:595][  0]LogConfig: Applying CVar settings from Section [/Script/Engine.GarbageCollectionSettings] File [D:/UnrealProject/TTSGame/Saved/Config/Windows/Engine.ini]
[2023.06.24-02.57.34:595][  0]LogConfig: Setting CVar [[gc.MaxObjectsNotConsideredByGC:1]]
[2023.06.24-02.57.34:595][  0]LogConfig: Setting CVar [[gc.SizeOfPermanentObjectPool:0]]
[2023.06.24-02.57.34:595][  0]LogConfig: Setting CVar [[gc.FlushStreamingOnGC:0]]
[2023.06.24-02.57.34:595][  0]LogConfig: Setting CVar [[gc.NumRetriesBeforeForcingGC:10]]
[2023.06.24-02.57.34:595][  0]LogConfig: Setting CVar [[gc.AllowParallelGC:1]]
[2023.06.24-02.57.34:595][  0]LogConfig: Setting CVar [[gc.TimeBetweenPurgingPendingKillObjects:61.1]]
[2023.06.24-02.57.34:595][  0]LogConfig: Setting CVar [[gc.MaxObjectsInEditor:16777216]]
[2023.06.24-02.57.34:595][  0]LogConfig: Setting CVar [[gc.IncrementalBeginDestroyEnabled:1]]
[2023.06.24-02.57.34:595][  0]LogConfig: Setting CVar [[gc.CreateGCClusters:1]]
[2023.06.24-02.57.34:595][  0]LogConfig: Setting CVar [[gc.MinGCClusterSize:5]]
[2023.06.24-02.57.34:595][  0]LogConfig: Setting CVar [[gc.ActorClusteringEnabled:0]]
[2023.06.24-02.57.34:595][  0]LogConfig: Setting CVar [[gc.BlueprintClusteringEnabled:0]]
[2023.06.24-02.57.34:595][  0]LogConfig: Setting CVar [[gc.UseDisregardForGCOnDedicatedServers:0]]
[2023.06.24-02.57.34:595][  0]LogConfig: Applying CVar settings from Section [/Script/Engine.NetworkSettings] File [D:/UnrealProject/TTSGame/Saved/Config/Windows/Engine.ini]
[2023.06.24-02.57.34:595][  0]LogConfig: Applying CVar settings from Section [/Script/UnrealEd.CookerSettings] File [D:/UnrealProject/TTSGame/Saved/Config/Windows/Engine.ini]
[2023.06.24-02.57.34:603][  0]LogConfig: Applying CVar settings from Section [ViewDistanceQuality@3] File [D:/UnrealProject/TTSGame/Saved/Config/Windows/Scalability.ini]
[2023.06.24-02.57.34:603][  0]LogConfig: Setting CVar [[r.SkeletalMeshLODBias:0]]
[2023.06.24-02.57.34:603][  0]LogConfig: Setting CVar [[r.ViewDistanceScale:1.0]]
[2023.06.24-02.57.34:603][  0]LogConfig: Applying CVar settings from Section [AntiAliasingQuality@3] File [D:/UnrealProject/TTSGame/Saved/Config/Windows/Scalability.ini]
[2023.06.24-02.57.34:603][  0]LogConfig: Setting CVar [[r.PostProcessAAQuality:4]]
[2023.06.24-02.57.34:603][  0]LogConfig: Applying CVar settings from Section [ShadowQuality@3] File [D:/UnrealProject/TTSGame/Saved/Config/Windows/Scalability.ini]
[2023.06.24-02.57.34:603][  0]LogConfig: Setting CVar [[r.LightFunctionQuality:1]]
[2023.06.24-02.57.34:603][  0]LogConfig: Setting CVar [[r.ShadowQuality:5]]
[2023.06.24-02.57.34:603][  0]LogConfig: Setting CVar [[r.Shadow.CSM.MaxCascades:10]]
[2023.06.24-02.57.34:603][  0]LogConfig: Setting CVar [[r.Shadow.MaxResolution:2048]]
[2023.06.24-02.57.34:603][  0]LogConfig: Setting CVar [[r.Shadow.MaxCSMResolution:2048]]
[2023.06.24-02.57.34:603][  0]LogConfig: Setting CVar [[r.Shadow.RadiusThreshold:0.01]]
[2023.06.24-02.57.34:603][  0]LogConfig: Setting CVar [[r.Shadow.DistanceScale:1.0]]
[2023.06.24-02.57.34:603][  0]LogConfig: Setting CVar [[r.Shadow.CSM.TransitionScale:1.0]]
[2023.06.24-02.57.34:603][  0]LogConfig: Setting CVar [[r.Shadow.PreShadowResolutionFactor:1.0]]
[2023.06.24-02.57.34:603][  0]LogConfig: Setting CVar [[r.DistanceFieldShadowing:1]]
[2023.06.24-02.57.34:603][  0]LogConfig: Setting CVar [[r.DistanceFieldAO:1]]
[2023.06.24-02.57.34:603][  0]LogConfig: Setting CVar [[r.AOQuality:2]]
[2023.06.24-02.57.34:603][  0]LogConfig: Setting CVar [[r.VolumetricFog:1]]
[2023.06.24-02.57.34:603][  0]LogConfig: Setting CVar [[r.VolumetricFog.GridPixelSize:8]]
[2023.06.24-02.57.34:603][  0]LogConfig: Setting CVar [[r.VolumetricFog.GridSizeZ:128]]
[2023.06.24-02.57.34:603][  0]LogConfig: Setting CVar [[r.VolumetricFog.HistoryMissSupersampleCount:4]]
[2023.06.24-02.57.34:603][  0]LogConfig: Setting CVar [[r.LightMaxDrawDistanceScale:1]]
[2023.06.24-02.57.34:603][  0]LogConfig: Setting CVar [[r.CapsuleShadows:1]]
[2023.06.24-02.57.34:603][  0]LogConfig: Applying CVar settings from Section [PostProcessQuality@3] File [D:/UnrealProject/TTSGame/Saved/Config/Windows/Scalability.ini]
[2023.06.24-02.57.34:603][  0]LogConfig: Setting CVar [[r.MotionBlurQuality:4]]
[2023.06.24-02.57.34:603][  0]LogConfig: Setting CVar [[r.AmbientOcclusionMipLevelFactor:0.4]]
[2023.06.24-02.57.34:603][  0]LogConfig: Setting CVar [[r.AmbientOcclusionMaxQuality:100]]
[2023.06.24-02.57.34:603][  0]LogConfig: Setting CVar [[r.AmbientOcclusionLevels:-1]]
[2023.06.24-02.57.34:603][  0]LogConfig: Setting CVar [[r.AmbientOcclusionRadiusScale:1.0]]
[2023.06.24-02.57.34:603][  0]LogConfig: Setting CVar [[r.DepthOfFieldQuality:2]]
[2023.06.24-02.57.34:604][  0]LogConfig: Setting CVar [[r.RenderTargetPoolMin:400]]
[2023.06.24-02.57.34:604][  0]LogConfig: Setting CVar [[r.LensFlareQuality:2]]
[2023.06.24-02.57.34:604][  0]LogConfig: Setting CVar [[r.SceneColorFringeQuality:1]]
[2023.06.24-02.57.34:604][  0]LogConfig: Setting CVar [[r.EyeAdaptationQuality:2]]
[2023.06.24-02.57.34:604][  0]LogConfig: Setting CVar [[r.BloomQuality:5]]
[2023.06.24-02.57.34:604][  0]LogConfig: Setting CVar [[r.FastBlurThreshold:100]]
[2023.06.24-02.57.34:604][  0]LogConfig: Setting CVar [[r.Upscale.Quality:3]]
[2023.06.24-02.57.34:604][  0]LogConfig: Setting CVar [[r.Tonemapper.GrainQuantization:1]]
[2023.06.24-02.57.34:604][  0]LogConfig: Setting CVar [[r.LightShaftQuality:1]]
[2023.06.24-02.57.34:604][  0]LogConfig: Setting CVar [[r.Filter.SizeScale:1]]
[2023.06.24-02.57.34:604][  0]LogConfig: Setting CVar [[r.Tonemapper.Quality:5]]
[2023.06.24-02.57.34:604][  0]LogConfig: Setting CVar [[r.DOF.Gather.AccumulatorQuality:1        ; higher gathering accumulator quality]]
[2023.06.24-02.57.34:604][  0]LogConfig: Setting CVar [[r.DOF.Gather.PostfilterMethod:1          ; Median3x3 postfilering method]]
[2023.06.24-02.57.34:604][  0]LogConfig: Setting CVar [[r.DOF.Gather.EnableBokehSettings:0       ; no bokeh simulation when gathering]]
[2023.06.24-02.57.34:604][  0]LogConfig: Setting CVar [[r.DOF.Gather.RingCount:4                 ; medium number of samples when gathering]]
[2023.06.24-02.57.34:604][  0]LogConfig: Setting CVar [[r.DOF.Scatter.ForegroundCompositing:1    ; additive foreground scattering]]
[2023.06.24-02.57.34:604][  0]LogConfig: Setting CVar [[r.DOF.Scatter.BackgroundCompositing:2    ; additive background scattering]]
[2023.06.24-02.57.34:604][  0]LogConfig: Setting CVar [[r.DOF.Scatter.EnableBokehSettings:1      ; bokeh simulation when scattering]]
[2023.06.24-02.57.34:604][  0]LogConfig: Setting CVar [[r.DOF.Scatter.MaxSpriteRatio:0.1         ; only a maximum of 10% of scattered bokeh]]
[2023.06.24-02.57.34:604][  0]LogConfig: Setting CVar [[r.DOF.Recombine.Quality:1                ; cheap slight out of focus]]
[2023.06.24-02.57.34:604][  0]LogConfig: Setting CVar [[r.DOF.Recombine.EnableBokehSettings:0    ; no bokeh simulation on slight out of focus]]
[2023.06.24-02.57.34:604][  0]LogConfig: Setting CVar [[r.DOF.TemporalAAQuality:1                ; more stable temporal accumulation]]
[2023.06.24-02.57.34:604][  0]LogConfig: Setting CVar [[r.DOF.Kernel.MaxForegroundRadius:0.025]]
[2023.06.24-02.57.34:604][  0]LogConfig: Setting CVar [[r.DOF.Kernel.MaxBackgroundRadius:0.025]]
[2023.06.24-02.57.34:604][  0]LogConfig: Applying CVar settings from Section [TextureQuality@3] File [D:/UnrealProject/TTSGame/Saved/Config/Windows/Scalability.ini]
[2023.06.24-02.57.34:604][  0]LogConfig: Setting CVar [[r.Streaming.MipBias:0]]
[2023.06.24-02.57.34:604][  0]LogConfig: Setting CVar [[r.Streaming.AmortizeCPUToGPUCopy:0]]
[2023.06.24-02.57.34:604][  0]LogConfig: Setting CVar [[r.Streaming.MaxNumTexturesToStreamPerFrame:0]]
[2023.06.24-02.57.34:604][  0]LogConfig: Setting CVar [[r.Streaming.Boost:1]]
[2023.06.24-02.57.34:604][  0]LogConfig: Setting CVar [[r.MaxAnisotropy:8]]
[2023.06.24-02.57.34:604][  0]LogConfig: Setting CVar [[r.Streaming.LimitPoolSizeToVRAM:0]]
[2023.06.24-02.57.34:604][  0]LogConfig: Setting CVar [[r.Streaming.PoolSize:1000]]
[2023.06.24-02.57.34:604][  0]LogConfig: Setting CVar [[r.Streaming.MaxEffectiveScreenSize:0]]
[2023.06.24-02.57.34:604][  0]LogConfig: Applying CVar settings from Section [EffectsQuality@3] File [D:/UnrealProject/TTSGame/Saved/Config/Windows/Scalability.ini]
[2023.06.24-02.57.34:604][  0]LogConfig: Setting CVar [[r.TranslucencyLightingVolumeDim:64]]
[2023.06.24-02.57.34:604][  0]LogConfig: Setting CVar [[r.RefractionQuality:2]]
[2023.06.24-02.57.34:604][  0]LogConfig: Setting CVar [[r.SSR.Quality:3]]
[2023.06.24-02.57.34:604][  0]LogConfig: Setting CVar [[r.SceneColorFormat:4]]
[2023.06.24-02.57.34:604][  0]LogConfig: Setting CVar [[r.DetailMode:2]]
[2023.06.24-02.57.34:604][  0]LogConfig: Setting CVar [[r.TranslucencyVolumeBlur:1]]
[2023.06.24-02.57.34:604][  0]LogConfig: Setting CVar [[r.MaterialQualityLevel:1 ; High quality]]
[2023.06.24-02.57.34:604][  0]LogConfig: Setting CVar [[r.SSS.Scale:1]]
[2023.06.24-02.57.34:604][  0]LogConfig: Setting CVar [[r.SSS.SampleSet:2]]
[2023.06.24-02.57.34:604][  0]LogConfig: Setting CVar [[r.SSS.Quality:1]]
[2023.06.24-02.57.34:604][  0]LogConfig: Setting CVar [[r.SSS.HalfRes:1]]
[2023.06.24-02.57.34:604][  0]LogConfig: Setting CVar [[r.EmitterSpawnRateScale:1.0]]
[2023.06.24-02.57.34:604][  0]LogConfig: Setting CVar [[r.ParticleLightQuality:2]]
[2023.06.24-02.57.34:604][  0]LogConfig: Applying CVar settings from Section [FoliageQuality@3] File [D:/UnrealProject/TTSGame/Saved/Config/Windows/Scalability.ini]
[2023.06.24-02.57.34:604][  0]LogConfig: Setting CVar [[foliage.DensityScale:1.0]]
[2023.06.24-02.57.34:604][  0]LogConfig: Setting CVar [[grass.DensityScale:1.0]]
[2023.06.24-02.57.34:604][  0]LogInit: Selected Device Profile: [Windows]
[2023.06.24-02.57.34:604][  0]LogInit: Applying CVar settings loaded from the selected device profile: [Windows]
[2023.06.24-02.57.34:615][  0]LogHAL: Display: Platform has ~ 16 GB [17097846784 / 17179869184 / 16], which maps to Larger [LargestMinGB=32, LargerMinGB=12, DefaultMinGB=8, SmallerMinGB=6, SmallestMinGB=0)
[2023.06.24-02.57.34:615][  0]LogInit: Going up to parent DeviceProfile []
[2023.06.24-02.57.34:615][  0]LogConfig: Applying CVar settings from Section [ViewDistanceQuality@0] File [D:/UnrealProject/TTSGame/Saved/Config/Windows/Scalability.ini]
[2023.06.24-02.57.34:616][  0]LogConfig: Setting CVar [[r.SkeletalMeshLODBias:2]]
[2023.06.24-02.57.34:616][  0]LogConfig: Setting CVar [[r.ViewDistanceScale:0.4]]
[2023.06.24-02.57.34:616][  0]LogConfig: Applying CVar settings from Section [AntiAliasingQuality@0] File [D:/UnrealProject/TTSGame/Saved/Config/Windows/Scalability.ini]
[2023.06.24-02.57.34:616][  0]LogConfig: Setting CVar [[r.PostProcessAAQuality:0]]
[2023.06.24-02.57.34:616][  0]LogConfig: Applying CVar settings from Section [ShadowQuality@0] File [D:/UnrealProject/TTSGame/Saved/Config/Windows/Scalability.ini]
[2023.06.24-02.57.34:616][  0]LogConfig: Setting CVar [[r.LightFunctionQuality:0]]
[2023.06.24-02.57.34:616][  0]LogConfig: Setting CVar [[r.ShadowQuality:0]]
[2023.06.24-02.57.34:616][  0]LogConfig: Setting CVar [[r.Shadow.CSM.MaxCascades:1]]
[2023.06.24-02.57.34:616][  0]LogConfig: Setting CVar [[r.Shadow.MaxResolution:512]]
[2023.06.24-02.57.34:616][  0]LogConfig: Setting CVar [[r.Shadow.MaxCSMResolution:512]]
[2023.06.24-02.57.34:616][  0]LogConfig: Setting CVar [[r.Shadow.RadiusThreshold:0.06]]
[2023.06.24-02.57.34:616][  0]LogConfig: Setting CVar [[r.Shadow.DistanceScale:0.6]]
[2023.06.24-02.57.34:616][  0]LogConfig: Setting CVar [[r.Shadow.CSM.TransitionScale:0]]
[2023.06.24-02.57.34:616][  0]LogConfig: Setting CVar [[r.Shadow.PreShadowResolutionFactor:0.5]]
[2023.06.24-02.57.34:616][  0]LogConfig: Setting CVar [[r.DistanceFieldShadowing:0]]
[2023.06.24-02.57.34:616][  0]LogConfig: Setting CVar [[r.DistanceFieldAO:0]]
[2023.06.24-02.57.34:616][  0]LogConfig: Setting CVar [[r.VolumetricFog:0]]
[2023.06.24-02.57.34:616][  0]LogConfig: Setting CVar [[r.LightMaxDrawDistanceScale:0]]
[2023.06.24-02.57.34:616][  0]LogConfig: Setting CVar [[r.CapsuleShadows:0]]
[2023.06.24-02.57.34:616][  0]LogConfig: Applying CVar settings from Section [PostProcessQuality@0] File [D:/UnrealProject/TTSGame/Saved/Config/Windows/Scalability.ini]
[2023.06.24-02.57.34:616][  0]LogConfig: Setting CVar [[r.MotionBlurQuality:0]]
[2023.06.24-02.57.34:616][  0]LogConfig: Setting CVar [[r.AmbientOcclusionMipLevelFactor:1.0]]
[2023.06.24-02.57.34:616][  0]LogConfig: Setting CVar [[r.AmbientOcclusionMaxQuality:0]]
[2023.06.24-02.57.34:616][  0]LogConfig: Setting CVar [[r.AmbientOcclusionLevels:0]]
[2023.06.24-02.57.34:616][  0]LogConfig: Setting CVar [[r.AmbientOcclusionRadiusScale:1.2]]
[2023.06.24-02.57.34:616][  0]LogConfig: Setting CVar [[r.DepthOfFieldQuality:0]]
[2023.06.24-02.57.34:616][  0]LogConfig: Setting CVar [[r.RenderTargetPoolMin:300]]
[2023.06.24-02.57.34:616][  0]LogConfig: Setting CVar [[r.LensFlareQuality:0]]
[2023.06.24-02.57.34:616][  0]LogConfig: Setting CVar [[r.SceneColorFringeQuality:0]]
[2023.06.24-02.57.34:616][  0]LogConfig: Setting CVar [[r.EyeAdaptationQuality:0]]
[2023.06.24-02.57.34:616][  0]LogConfig: Setting CVar [[r.BloomQuality:4]]
[2023.06.24-02.57.34:616][  0]LogConfig: Setting CVar [[r.FastBlurThreshold:0]]
[2023.06.24-02.57.34:616][  0]LogConfig: Setting CVar [[r.Upscale.Quality:1]]
[2023.06.24-02.57.34:616][  0]LogConfig: Setting CVar [[r.Tonemapper.GrainQuantization:0]]
[2023.06.24-02.57.34:616][  0]LogConfig: Setting CVar [[r.LightShaftQuality:0]]
[2023.06.24-02.57.34:616][  0]LogConfig: Setting CVar [[r.Filter.SizeScale:0.6]]
[2023.06.24-02.57.34:616][  0]LogConfig: Setting CVar [[r.Tonemapper.Quality:0]]
[2023.06.24-02.57.34:616][  0]LogConfig: Applying CVar settings from Section [TextureQuality@0] File [D:/UnrealProject/TTSGame/Saved/Config/Windows/Scalability.ini]
[2023.06.24-02.57.34:616][  0]LogConfig: Setting CVar [[r.Streaming.MipBias:16]]
[2023.06.24-02.57.34:616][  0]LogConfig: Setting CVar [[r.Streaming.AmortizeCPUToGPUCopy:1]]
[2023.06.24-02.57.34:616][  0]LogConfig: Setting CVar [[r.Streaming.MaxNumTexturesToStreamPerFrame:1]]
[2023.06.24-02.57.34:616][  0]LogConfig: Setting CVar [[r.Streaming.Boost:0.3]]
[2023.06.24-02.57.34:616][  0]LogConfig: Setting CVar [[r.MaxAnisotropy:0]]
[2023.06.24-02.57.34:616][  0]LogConfig: Setting CVar [[r.Streaming.LimitPoolSizeToVRAM:1]]
[2023.06.24-02.57.34:616][  0]LogConfig: Setting CVar [[r.Streaming.PoolSize:400]]
[2023.06.24-02.57.34:616][  0]LogConfig: Setting CVar [[r.Streaming.MaxEffectiveScreenSize:0]]
[2023.06.24-02.57.34:616][  0]LogConfig: Applying CVar settings from Section [EffectsQuality@0] File [D:/UnrealProject/TTSGame/Saved/Config/Windows/Scalability.ini]
[2023.06.24-02.57.34:616][  0]LogConfig: Setting CVar [[r.TranslucencyLightingVolumeDim:24]]
[2023.06.24-02.57.34:616][  0]LogConfig: Setting CVar [[r.RefractionQuality:0]]
[2023.06.24-02.57.34:616][  0]LogConfig: Setting CVar [[r.SSR.Quality:0]]
[2023.06.24-02.57.34:616][  0]LogConfig: Setting CVar [[r.SceneColorFormat:3]]
[2023.06.24-02.57.34:616][  0]LogConfig: Setting CVar [[r.DetailMode:0]]
[2023.06.24-02.57.34:616][  0]LogConfig: Setting CVar [[r.TranslucencyVolumeBlur:0]]
[2023.06.24-02.57.34:616][  0]LogConfig: Setting CVar [[r.MaterialQualityLevel:0 ; Low quality]]
[2023.06.24-02.57.34:616][  0]LogConfig: Setting CVar [[r.SSS.Scale:0]]
[2023.06.24-02.57.34:616][  0]LogConfig: Setting CVar [[r.SSS.SampleSet:0]]
[2023.06.24-02.57.34:616][  0]LogConfig: Setting CVar [[r.SSS.Quality:0]]
[2023.06.24-02.57.34:616][  0]LogConfig: Setting CVar [[r.SSS.HalfRes:1]]
[2023.06.24-02.57.34:616][  0]LogConfig: Setting CVar [[r.EmitterSpawnRateScale:0.125]]
[2023.06.24-02.57.34:616][  0]LogConfig: Setting CVar [[r.ParticleLightQuality:0]]
[2023.06.24-02.57.34:616][  0]LogConfig: Applying CVar settings from Section [FoliageQuality@0] File [D:/UnrealProject/TTSGame/Saved/Config/Windows/Scalability.ini]
[2023.06.24-02.57.34:616][  0]LogConfig: Setting CVar [[foliage.DensityScale:0]]
[2023.06.24-02.57.34:616][  0]LogConfig: Setting CVar [[grass.DensityScale:0]]
[2023.06.24-02.57.34:616][  0]LogConfig: Applying CVar settings from Section [Startup] File [../../../Engine/Config/ConsoleVariables.ini]
[2023.06.24-02.57.34:623][  0]LogConfig: Setting CVar [[net.UseAdaptiveNetUpdateFrequency:0]]
[2023.06.24-02.57.34:623][  0]LogConfig: Setting CVar [[p.chaos.AllowCreatePhysxBodies:1]]
[2023.06.24-02.57.34:623][  0]LogConfig: Applying CVar settings from Section [ConsoleVariables] File [D:/UnrealProject/TTSGame/Saved/Config/Windows/Engine.ini]
[2023.06.24-02.57.34:623][  0]LogInit: Computer: DESKTOP-MURC6HF
[2023.06.24-02.57.34:623][  0]LogInit: User: kimminwoong
[2023.06.24-02.57.34:623][  0]LogInit: CPU Page size=4096, Cores=4
[2023.06.24-02.57.34:623][  0]LogInit: High frequency timer resolution =10.000000 MHz
[2023.06.24-02.57.34:623][  0]LogMemory: Memory total: Physical=15.9GB (16GB approx)
[2023.06.24-02.57.34:623][  0]LogMemory: Platform Memory Stats for Windows
[2023.06.24-02.57.34:623][  0]LogMemory: Process Physical Memory: 104.10 MB used, 104.11 MB peak
[2023.06.24-02.57.34:623][  0]LogMemory: Process Virtual Memory: 100.59 MB used, 100.59 MB peak
[2023.06.24-02.57.34:623][  0]LogMemory: Physical Memory: 8978.26 MB used,  7327.52 MB free, 16305.78 MB total
[2023.06.24-02.57.34:623][  0]LogMemory: Virtual Memory: 4670.69 MB used,  134213056.00 MB free, 134217728.00 MB total
[2023.06.24-02.57.34:638][  0]LogWindows: WindowsPlatformFeatures enabled
[2023.06.24-02.57.35:139][  0]LogInit: Overriding language with editor language configuration option (en).
[2023.06.24-02.57.35:139][  0]LogInit: Overriding locale with editor locale configuration option (en).
[2023.06.24-02.57.35:519][  0]LogInit: Setting process to per monitor DPI aware
[2023.06.24-02.57.35:720][  0]LogSlate: New Slate User Created.  User Index 0, Is Virtual User: 0
[2023.06.24-02.57.35:720][  0]LogSlate: Slate User Registered.  User Index 0, Is Virtual User: 0
[2023.06.24-02.57.38:873][  0]LogHMD: Failed to initialize OpenVR with code 110
[2023.06.24-02.57.38:873][  0]LogD3D11RHI: D3D11 adapters:
[2023.06.24-02.57.39:152][  0]LogD3D11RHI:    0. 'NVIDIA GeForce GTX 970' (Feature Level 11_0)
[2023.06.24-02.57.39:152][  0]LogD3D11RHI:       4043/0/8152 MB DedicatedVideo/DedicatedSystem/SharedSystem, Outputs:2, VendorId:0x10de
[2023.06.24-02.57.39:156][  0]LogD3D11RHI:    1. 'Microsoft Basic Render Driver' (Feature Level 11_0)
[2023.06.24-02.57.39:156][  0]LogD3D11RHI:       0/0/8152 MB DedicatedVideo/DedicatedSystem/SharedSystem, Outputs:0, VendorId:0x1414
[2023.06.24-02.57.39:156][  0]LogD3D11RHI: Chosen D3D11 Adapter: 0
[2023.06.24-02.57.39:166][  0]LogD3D11RHI: Creating new Direct3DDevice
[2023.06.24-02.57.39:166][  0]LogD3D11RHI:     GPU DeviceId: 0x13c2 (for the marketing name, search the web for "GPU Device Id")
[2023.06.24-02.57.39:166][  0]LogWindows: EnumDisplayDevices:
[2023.06.24-02.57.39:167][  0]LogWindows:    0. 'NVIDIA GeForce GTX 970' (P:1 D:1)
[2023.06.24-02.57.39:168][  0]LogWindows:    1. 'NVIDIA GeForce GTX 970' (P:0 D:1)
[2023.06.24-02.57.39:169][  0]LogWindows:    2. 'NVIDIA GeForce GTX 970' (P:0 D:0)
[2023.06.24-02.57.39:170][  0]LogWindows:    3. 'NVIDIA GeForce GTX 970' (P:0 D:0)
[2023.06.24-02.57.39:171][  0]LogWindows: DebugString: FoundDriverCount:4 
[2023.06.24-02.57.39:171][  0]LogD3D11RHI:     Adapter Name: NVIDIA GeForce GTX 970
[2023.06.24-02.57.39:171][  0]LogD3D11RHI:   Driver Version: 516.94 (internal:31.0.15.1694, unified:516.94)
[2023.06.24-02.57.39:171][  0]LogD3D11RHI:      Driver Date: 7-21-2022
[2023.06.24-02.57.39:171][  0]LogRHI: Texture pool is 2830 MB (70% of 4043 MB)
[2023.06.24-02.57.39:269][  0]LogD3D11RHI: Async texture creation enabled
[2023.06.24-02.57.39:326][  0]LogD3D11RHI: GPU Timing Frequency: 1000.000000 (Debug: 2 1)
[2023.06.24-02.57.40:803][  0]LogTemp: Display: Module 'AllDesktopTargetPlatform' loaded TargetPlatform 'AllDesktop'
[2023.06.24-02.57.40:838][  0]LogTemp: Display: Module 'MacClientTargetPlatform' loaded TargetPlatform 'MacClient'
[2023.06.24-02.57.40:873][  0]LogTemp: Display: Module 'MacNoEditorTargetPlatform' loaded TargetPlatform 'MacNoEditor'
[2023.06.24-02.57.40:911][  0]LogTemp: Display: Module 'MacServerTargetPlatform' loaded TargetPlatform 'MacServer'
[2023.06.24-02.57.40:960][  0]LogTemp: Display: Module 'MacTargetPlatform' loaded TargetPlatform 'Mac'
[2023.06.24-02.57.40:997][  0]LogTemp: Display: Module 'WindowsClientTargetPlatform' loaded TargetPlatform 'WindowsClient'
[2023.06.24-02.57.41:034][  0]LogTemp: Display: Module 'WindowsNoEditorTargetPlatform' loaded TargetPlatform 'WindowsNoEditor'
[2023.06.24-02.57.41:074][  0]LogTemp: Display: Module 'WindowsServerTargetPlatform' loaded TargetPlatform 'WindowsServer'
[2023.06.24-02.57.41:108][  0]LogTemp: Display: Module 'WindowsTargetPlatform' loaded TargetPlatform 'Windows'
[2023.06.24-02.57.41:194][  0]LogTemp: Display: Module 'AndroidTargetPlatform' loaded TargetPlatform 'Android'
[2023.06.24-02.57.41:194][  0]LogTemp: Display: Module 'AndroidTargetPlatform' loaded TargetPlatform 'Android_ASTC'
[2023.06.24-02.57.41:194][  0]LogTemp: Display: Module 'AndroidTargetPlatform' loaded TargetPlatform 'Android_ATC'
[2023.06.24-02.57.41:194][  0]LogTemp: Display: Module 'AndroidTargetPlatform' loaded TargetPlatform 'Android_DXT'
[2023.06.24-02.57.41:194][  0]LogTemp: Display: Module 'AndroidTargetPlatform' loaded TargetPlatform 'Android_ETC1'
[2023.06.24-02.57.41:194][  0]LogTemp: Display: Module 'AndroidTargetPlatform' loaded TargetPlatform 'Android_ETC1a'
[2023.06.24-02.57.41:194][  0]LogTemp: Display: Module 'AndroidTargetPlatform' loaded TargetPlatform 'Android_ETC2'
[2023.06.24-02.57.41:194][  0]LogTemp: Display: Module 'AndroidTargetPlatform' loaded TargetPlatform 'Android_PVRTC'
[2023.06.24-02.57.41:194][  0]LogTemp: Display: Module 'AndroidTargetPlatform' loaded TargetPlatform 'AndroidClient'
[2023.06.24-02.57.41:194][  0]LogTemp: Display: Module 'AndroidTargetPlatform' loaded TargetPlatform 'Android_ASTCClient'
[2023.06.24-02.57.41:194][  0]LogTemp: Display: Module 'AndroidTargetPlatform' loaded TargetPlatform 'Android_ATCClient'
[2023.06.24-02.57.41:194][  0]LogTemp: Display: Module 'AndroidTargetPlatform' loaded TargetPlatform 'Android_DXTClient'
[2023.06.24-02.57.41:194][  0]LogTemp: Display: Module 'AndroidTargetPlatform' loaded TargetPlatform 'Android_ETC1Client'
[2023.06.24-02.57.41:194][  0]LogTemp: Display: Module 'AndroidTargetPlatform' loaded TargetPlatform 'Android_ETC1aClient'
[2023.06.24-02.57.41:194][  0]LogTemp: Display: Module 'AndroidTargetPlatform' loaded TargetPlatform 'Android_ETC2Client'
[2023.06.24-02.57.41:194][  0]LogTemp: Display: Module 'AndroidTargetPlatform' loaded TargetPlatform 'Android_PVRTCClient'
[2023.06.24-02.57.41:194][  0]LogTemp: Display: Module 'AndroidTargetPlatform' loaded TargetPlatform 'Android_Multi'
[2023.06.24-02.57.41:194][  0]LogTemp: Display: Module 'AndroidTargetPlatform' loaded TargetPlatform 'Android_MultiClient'
[2023.06.24-02.57.41:228][  0]LogTemp: Display: Module 'HTML5TargetPlatform' loaded TargetPlatform 'HTML5'
[2023.06.24-02.57.41:351][  0]LogTemp: Display: Module 'IOSTargetPlatform' loaded TargetPlatform 'IOSClient'
[2023.06.24-02.57.41:351][  0]LogTemp: Display: Module 'IOSTargetPlatform' loaded TargetPlatform 'IOS'
[2023.06.24-02.57.41:394][  0]LogTemp: Display: Module 'TVOSTargetPlatform' loaded TargetPlatform 'TVOSClient'
[2023.06.24-02.57.41:394][  0]LogTemp: Display: Module 'TVOSTargetPlatform' loaded TargetPlatform 'TVOS'
[2023.06.24-02.57.41:427][  0]LogTemp: Display: Module 'LinuxClientTargetPlatform' loaded TargetPlatform 'LinuxClient'
[2023.06.24-02.57.41:460][  0]LogTemp: Display: Module 'LinuxNoEditorTargetPlatform' loaded TargetPlatform 'LinuxNoEditor'
[2023.06.24-02.57.41:494][  0]LogTemp: Display: Module 'LinuxServerTargetPlatform' loaded TargetPlatform 'LinuxServer'
[2023.06.24-02.57.41:545][  0]LogTemp: Display: Module 'LinuxTargetPlatform' loaded TargetPlatform 'Linux'
[2023.06.24-02.57.41:612][  0]LogTemp: Display: Module 'LuminTargetPlatform' loaded TargetPlatform 'Lumin'
[2023.06.24-02.57.41:612][  0]LogTemp: Display: Module 'LuminTargetPlatform' loaded TargetPlatform 'LuminClient'
[2023.06.24-02.57.41:612][  0]LogTargetPlatformManager: Display: Building Assets For Windows
[2023.06.24-02.57.41:738][  0]LogAudioDebug: Display: Lib vorbis DLL was dynamically loaded.
[2023.06.24-02.57.42:466][  0]LogShaderCompilers: Guid format shader working directory is 18 characters bigger than the processId version (../../../../UnrealProject/TTSGame/Intermediate/Shaders/WorkingDirectory/16432/).
[2023.06.24-02.57.42:466][  0]LogShaderCompilers: Cleaned the shader compiler working directory 'C:/Users/kimminwoong/AppData/Local/Temp/UnrealShaderWorkingDir/1DB339C440EA04E61491F2A5DF950293/'.
[2023.06.24-02.57.42:471][  0]LogXGEController: Cleaning working directory: C:/Users/kimminwoong/AppData/Local/Temp/UnrealXGEWorkingDir/
[2023.06.24-02.57.42:472][  0]LogXGEController: Cannot use XGE Controller as Incredibuild is not installed on this machine.
[2023.06.24-02.57.42:472][  0]LogShaderCompilers: Cannot use XGE Shader Compiler as Incredibuild is not installed on this machine.
[2023.06.24-02.57.42:472][  0]LogShaderCompilers: Display: Using Local Shader Compiler.
[2023.06.24-02.57.45:777][  0]LogDerivedDataCache: Display: Max Cache Size: 512 MB
[2023.06.24-02.57.46:015][  0]LogDerivedDataCache: Loaded boot cache 0.24s 86MB C:/Users/kimminwoong/AppData/Local/UnrealEngine/4.23/DerivedDataCache/Boot.ddc.
[2023.06.24-02.57.46:015][  0]LogDerivedDataCache: Display: Loaded Boot cache: C:/Users/kimminwoong/AppData/Local/UnrealEngine/4.23/DerivedDataCache/Boot.ddc
[2023.06.24-02.57.46:016][  0]LogDerivedDataCache: FDerivedDataBackendGraph:  Pak pak cache file ../../../../UnrealProject/TTSGame/DerivedDataCache/DDC.ddp not found, will not use a pak cache.
[2023.06.24-02.57.46:016][  0]LogDerivedDataCache: Unable to find inner node Pak for hierarchical cache Hierarchy.
[2023.06.24-02.57.46:016][  0]LogDerivedDataCache: FDerivedDataBackendGraph:  CompressedPak pak cache file ../../../../UnrealProject/TTSGame/DerivedDataCache/Compressed.ddp not found, will not use a pak cache.
[2023.06.24-02.57.46:016][  0]LogDerivedDataCache: Unable to find inner node CompressedPak for hierarchical cache Hierarchy.
[2023.06.24-02.57.46:042][  0]LogDerivedDataCache: Display: Pak cache opened for reading ../../../Engine/DerivedDataCache/Compressed.ddp.
[2023.06.24-02.57.46:042][  0]LogDerivedDataCache: FDerivedDataBackendGraph:  EnterprisePak pak cache file ../../../Enterprise/DerivedDataCache/Compressed.ddp not found, will not use a pak cache.
[2023.06.24-02.57.46:042][  0]LogDerivedDataCache: Unable to find inner node EnterprisePak for hierarchical cache Hierarchy.
[2023.06.24-02.57.46:045][  0]LogDerivedDataCache: Using Local data cache path C:/Users/kimminwoong/AppData/Local/UnrealEngine/Common/DerivedDataCache: Writable
[2023.06.24-02.57.46:045][  0]LogDerivedDataCache: Shared data cache path not found in *engine.ini, will not use an Shared cache.
[2023.06.24-02.57.46:045][  0]LogDerivedDataCache: Unable to find inner node Shared for hierarchical cache Hierarchy.
[2023.06.24-02.57.46:073][  0]LogMaterial: Verifying Global Shaders for PCD3D_SM5
[2023.06.24-02.57.46:087][  0]LogSlate: Using FreeType 2.6.0
[2023.06.24-02.57.46:114][  0]LogSlate: SlateFontServices - WITH_FREETYPE: 1, WITH_HARFBUZZ: 1
[2023.06.24-02.57.47:395][  0]LogAssetRegistry: FAssetRegistry took 0.0105 seconds to start up
[2023.06.24-02.57.48:118][  0]LogInit: Selected Device Profile: [Windows]
[2023.06.24-02.57.49:214][  0]LogMeshReduction: Using QuadricMeshReduction for automatic static mesh reduction
[2023.06.24-02.57.49:214][  0]LogMeshReduction: Using SimplygonMeshReduction for automatic skeletal mesh reduction
[2023.06.24-02.57.49:214][  0]LogMeshReduction: Using ProxyLODMeshReduction for automatic mesh merging
[2023.06.24-02.57.49:214][  0]LogMeshReduction: No distributed automatic mesh merging module available
[2023.06.24-02.57.49:214][  0]LogMeshMerging: No distributed automatic mesh merging module available
[2023.06.24-02.57.49:295][  0]LogNetVersion: TTSGame 1.0.0, NetCL: 8386587, EngineNetVer: 11, GameNetVer: 0 (Checksum: 1457153238)
[2023.06.24-02.57.50:791][  0]LogPackageLocalizationCache: Processed 12 localized package path(s) for 1 prioritized culture(s) in 0.068844 seconds
[2023.06.24-02.57.50:799][  0]LogUObjectArray: 43444 objects as part of root set at end of initial load.
[2023.06.24-02.57.50:799][  0]LogUObjectAllocator: 7548648 out of 0 bytes used by permanent object pool.
[2023.06.24-02.57.50:799][  0]LogUObjectArray: CloseDisregardForGC: 0/0 objects in disregard for GC pool
[2023.06.24-02.58.05:872][  0]LogTcpMessaging: Initializing TcpMessaging bridge
[2023.06.24-02.58.05:909][  0]LogUdpMessaging: Initializing bridge on interface 0.0.0.0:0 to multicast group 230.0.0.1:6666.
[2023.06.24-02.58.06:553][  0]SourceControl: Source control is disabled
[2023.06.24-02.58.06:554][  0]SourceControl: Source control is disabled
[2023.06.24-02.58.06:674][  0]SourceControl: Source control is disabled
[2023.06.24-02.58.06:710][  0]SourceControl: Source control is disabled
[2023.06.24-02.58.08:211][  0]LogAndroidPermission: UAndroidPermissionCallbackProxy::GetInstance
[2023.06.24-02.58.09:235][  0]LogOcInput: OculusInput pre-init called
[2023.06.24-02.58.09:313][  0]LogWindows: Failed to load 'OVRPlugin.dll' (GetLastError=126)
[2023.06.24-02.58.09:313][  0]LogWindows: File 'OVRPlugin.dll' does not exist
[2023.06.24-02.58.09:753][  0]LogEngine: Initializing Engine...
[2023.06.24-02.58.09:761][  0]LogHMD: Failed to initialize OpenVR with code 110
[2023.06.24-02.58.09:767][  0]LogStats: UGameplayTagsManager::InitializeManager -  0.002 s
[2023.06.24-02.58.10:261][  0]LogInit: Initializing FReadOnlyCVARCache
[2023.06.24-02.58.10:392][  0]LogAIModule: Creating AISystem for world Untitled
[2023.06.24-02.58.10:541][  0]LogInit: XAudio2 using '스피커(Realtek High Definition Audio)' : 2 channels at 48 kHz using 32 bits per sample (channel mask 0x3)
[2023.06.24-02.58.10:792][  0]LogInit: FAudioDevice initialized.
[2023.06.24-02.58.10:793][  0]LogNetVersion: Set ProjectVersion to 1.0.0.0. Version Checksum will be recalculated on next use.
[2023.06.24-02.58.10:884][  0]LogDerivedDataCache: Saved boot cache 0.09s 86MB C:/Users/kimminwoong/AppData/Local/UnrealEngine/4.23/DerivedDataCache/Boot.ddc.
[2023.06.24-02.58.10:892][  0]LogInit: Texture streaming: Enabled
[2023.06.24-02.58.11:034][  0]LogEngineSessionManager: EngineSessionManager initialized
[2023.06.24-02.58.11:034][  0]LogEditorSessionSummary: Verbose: Initializing EditorSessionSummaryWriter for editor session tracking
[2023.06.24-02.58.11:039][  0]LogEditorSessionSummary: EditorSessionSummaryWriter initialized
[2023.06.24-02.58.11:181][  0]LogInit: Transaction tracking system initialized
[2023.06.24-02.58.11:462][  0]BlueprintLog: New page: Editor Load
[2023.06.24-02.58.12:306][  0]LocalizationService: Localization service is disabled
[2023.06.24-02.58.13:739][  0]LogFileCache: Scanning file cache for directory 'D:/UnrealProject/TTSGame/Content/' took 0.01s
[2023.06.24-02.58.13:739][  0]LogCook: Display: Max memory allowance for cook 16384mb min free memory 0mb
[2023.06.24-02.58.13:740][  0]LogCook: Display: Mobile HDR setting 1
[2023.06.24-02.58.15:707][  0]SourceControl: Source control is disabled
[2023.06.24-02.58.15:710][  0]Cmd: MAP LOAD FILE="../../../../UnrealProject/TTSGame/Content/Asset/Maps/StartTown.umap" TEMPLATE=0 SHOWPROGRESS=1 FEATURELEVEL=3
[2023.06.24-02.58.15:713][  0]LightingResults: New page: Lighting Build
[2023.06.24-02.58.15:727][  0]LogWorld: UWorld::CleanupWorld for Untitled, bSessionEnded=true, bCleanupResources=true
[2023.06.24-02.58.15:734][  0]MapCheck: New page: Map Check
[2023.06.24-02.58.15:734][  0]LightingResults: New page: Lighting Build
[2023.06.24-02.58.15:777][  0]LogUObjectHash: Compacting FUObjectHashTables data took   1.61ms
[2023.06.24-02.58.16:820][  0]LogAIModule: Creating AISystem for world StartTown
[2023.06.24-02.58.16:923][  0]LogEditorServer: Finished looking for orphan Actors (0.000 secs)
[2023.06.24-02.58.16:973][  0]LogUObjectHash: Compacting FUObjectHashTables data took   2.40ms
[2023.06.24-02.58.16:975][  0]Cmd: MAP CHECKDEP NOCLEARLOG
[2023.06.24-02.58.16:975][  0]MapCheck: Map check complete: 0 Error(s), 0 Warning(s), took 0.648ms to complete.
[2023.06.24-02.58.16:975][  0]LogFileHelpers: Loading map 'StartTown' took 1.268
[2023.06.24-02.58.17:340][  0]LogSlate: Updating window title bar state: overlay mode, drag disabled, window buttons hidden, title bar hidden
[2023.06.24-02.58.17:350][  0]LogSlate: Updating window title bar state: overlay mode, drag disabled, window buttons hidden, title bar hidden
[2023.06.24-02.58.17:357][  0]LogSlate: Updating window title bar state: overlay mode, drag disabled, window buttons hidden, title bar hidden
[2023.06.24-02.58.17:367][  0]LogSlate: Updating window title bar state: overlay mode, drag disabled, window buttons hidden, title bar hidden
[2023.06.24-02.58.17:437][  0]LogCollectionManager: Loaded 0 collections in 0.001848 seconds
[2023.06.24-02.58.17:479][  0]LogFileCache: Scanning file cache for directory 'D:/UnrealProject/TTSGame/Saved/Collections/' took 0.00s
[2023.06.24-02.58.17:479][  0]LogFileCache: Scanning file cache for directory 'D:/UnrealProject/TTSGame/Content/Developers/kimminwoong/Collections/' took 0.00s
[2023.06.24-02.58.17:479][  0]LogFileCache: Scanning file cache for directory 'D:/UnrealProject/TTSGame/Content/Collections/' took 0.00s
[2023.06.24-02.58.17:479][  0]LogCollectionManager: Rebuilt the GUID cache for 0 collections in 0.000002 seconds
[2023.06.24-02.58.17:491][  0]LogContentBrowser: Native class hierarchy populated in 0.0084 seconds. Added 2863 classes and 680 folders.
[2023.06.24-02.58.17:516][  0]LogContentBrowser: Native class hierarchy updated for 'WidgetCarousel' in 0.0004 seconds. Added 0 classes and 0 folders.
[2023.06.24-02.58.18:172][  0]LogContentBrowser: Native class hierarchy updated for 'AddContentDialog' in 0.0003 seconds. Added 0 classes and 0 folders.
[2023.06.24-02.58.18:247][  0]LogContentBrowser: Native class hierarchy updated for 'SceneOutliner' in 0.0003 seconds. Added 1 classes and 2 folders.
[2023.06.24-02.58.18:682][  0]LogSlate: Took 0.012186 seconds to synchronously load lazily loaded font '../../../Engine/Content/Slate/Fonts/Roboto-Regular.ttf' (155K)
[2023.06.24-02.58.18:693][  0]LogSlate: Took 0.006667 seconds to synchronously load lazily loaded font '../../../Engine/Content/Slate/Fonts/Roboto-Bold.ttf' (160K)
[2023.06.24-02.58.18:711][  0]LogSlate: Took 0.007944 seconds to synchronously load lazily loaded font '../../../Engine/Content/Editor/Slate/Fonts/FontAwesome.ttf' (139K)
[2023.06.24-02.58.18:915][  0]LogRenderer: Reallocating scene render targets to support 1208x572 Format 9 NumSamples 1 (Frame:1).
[2023.06.24-02.58.19:152][  0]LogContentBrowser: Native class hierarchy updated for 'HierarchicalLODOutliner' in 0.0003 seconds. Added 0 classes and 0 folders.
[2023.06.24-02.58.19:153][  0]LogLoad: (Engine Initialization) Total time: 52.14 seconds
[2023.06.24-02.58.19:153][  0]LogLoad: (Engine Initialization) Total Blueprint compile time: 0.00 seconds
[2023.06.24-02.58.19:253][  0]LogContentStreaming: Texture pool size now 400 MB
[2023.06.24-02.58.19:318][  0]LogSlate: Took 0.006522 seconds to synchronously load lazily loaded font '../../../Engine/Content/Slate/Fonts/Roboto-Light.ttf' (167K)
[2023.06.24-02.58.20:035][ 14]LogAssetRegistry: Asset discovery search completed in 32.6432 seconds
[2023.06.24-02.58.20:040][ 14]LogCollectionManager: Rebuilt the object cache for 0 collections in 0.000502 seconds (found 0 objects)
[2023.06.24-02.58.20:040][ 14]LogCollectionManager: Fixed up redirectors for 0 collections in 0.000558 seconds (updated 0 objects)
[2023.06.24-02.58.32:353][751]LogSlate: FSceneViewport::OnFocusLost() reason 0
[2023.06.24-02.58.32:665][769]LogSlate: Took 0.003289 seconds to synchronously load lazily loaded font '../../../Engine/Content/Slate/Fonts/Roboto-Light.ttf' (167K)
[2023.06.24-02.58.32:675][769]LogAssetEditorManager: Opening Asset editor for UserDefinedStruct /Game/BluePrint/Library/S_InterAct.S_InterAct
[2023.06.24-02.58.35:132][906]LogSlate: Took 0.006576 seconds to synchronously load lazily loaded font '../../../Engine/Content/Slate/Fonts/Roboto-BoldCondensedItalic.ttf' (160K)
[2023.06.24-02.59.19:175][547]LogEditorSessionSummary: EditorSessionSummary sent report. Type=Shutdown, SessionId={11240500-48C2-5A2F-E82F-DDB3BB11F27E}
[2023.06.24-02.59.19:175][547]LogEditorSessionSummary: EditorSessionSummary sent report. Type=Shutdown, SessionId={998B12AB-4453-E918-A7D6-C591F6857DB1}
[2023.06.24-03.08.19:389][952]LogUObjectHash: Compacting FUObjectHashTables data took   2.53ms
[2023.06.24-03.08.19:389][952]LogFileHelpers: Editor autosave (incl. sublevels) for '/Game/Asset/Maps/StartTown' took 0.026
[2023.06.24-03.08.19:396][952]OBJ SavePackage: Generating thumbnails for [0] asset(s) in package [/Game/BluePrint/Library/S_InterAct] ([1] browsable assets)...
[2023.06.24-03.08.19:396][952]OBJ SavePackage: Finished generating thumbnails for package [/Game/BluePrint/Library/S_InterAct]
[2023.06.24-03.08.19:396][952]Cmd: OBJ SAVEPACKAGE PACKAGE="/Game/BluePrint/Library/S_InterAct" FILE="../../../../UnrealProject/TTSGame/Saved/Autosaves/Game/BluePrint/Library/S_InterAct_Auto1.uasset" SILENT=false AUTOSAVING=true
[2023.06.24-03.08.19:751][952]LogSavePackage: Moving '../../../../UnrealProject/TTSGame/Saved/S_InterAct_Auto138774327476032735543F0A66E33EB0C.tmp' to '../../../../UnrealProject/TTSGame/Saved/Autosaves/Game/BluePrint/Library/S_InterAct_Auto1.uasset'
[2023.06.24-03.08.19:753][952]LogFileHelpers: Auto-saving content packages took 0.361
[2023.06.24-03.10.23:364][366]Cmd: OBJ SAVEPACKAGE PACKAGE="/Game/BluePrint/Library/S_InterAct" FILE="../../../../UnrealProject/TTSGame/Content/BluePrint/Library/S_InterAct.uasset" SILENT=true
[2023.06.24-03.10.23:472][366]LogSavePackage: Moving '../../../../UnrealProject/TTSGame/Saved/S_InterAct3D1DE7354E76B278B25CDE800BD00AC4.tmp' to '../../../../UnrealProject/TTSGame/Content/BluePrint/Library/S_InterAct.uasset'
[2023.06.24-03.29.28:343][ 47]Cmd: OBJ SAVEPACKAGE PACKAGE="/Game/BluePrint/Library/S_InterAct" FILE="../../../../UnrealProject/TTSGame/Content/BluePrint/Library/S_InterAct.uasset" SILENT=true
[2023.06.24-03.29.28:456][ 47]LogSavePackage: Moving '../../../../UnrealProject/TTSGame/Saved/S_InterActDF80F8C44A5699C84864BFB4B587BEDE.tmp' to '../../../../UnrealProject/TTSGame/Content/BluePrint/Library/S_InterAct.uasset'
[2023.06.24-05.08.15:148][825]LogInit: XAudio2 using '헤드폰(3- BS-BT101 Stereo)' : 2 channels at 44.1 kHz using 16 bits per sample (channel mask 0x3)
